[2023-10-30T05:19:57.320+0000] {taskinstance.py:1159} INFO - Dependencies all met for dep_context=non-requeueable deps ti=<TaskInstance: opensky_data_processing.fetch_opensky_data scheduled__2023-10-26T03:00:00+00:00 [queued]>
[2023-10-30T05:19:57.375+0000] {taskinstance.py:1159} INFO - Dependencies all met for dep_context=requeueable deps ti=<TaskInstance: opensky_data_processing.fetch_opensky_data scheduled__2023-10-26T03:00:00+00:00 [queued]>
[2023-10-30T05:19:57.377+0000] {taskinstance.py:1361} INFO - Starting attempt 1 of 101
[2023-10-30T05:19:57.510+0000] {taskinstance.py:1382} INFO - Executing <Task(PythonOperator): fetch_opensky_data> on 2023-10-26 03:00:00+00:00
[2023-10-30T05:19:57.538+0000] {standard_task_runner.py:57} INFO - Started process 22648 to run task
[2023-10-30T05:19:57.574+0000] {standard_task_runner.py:84} INFO - Running: ['airflow', 'tasks', 'run', 'opensky_data_processing', 'fetch_opensky_data', 'scheduled__2023-10-26T03:00:00+00:00', '--job-id', '690', '--raw', '--subdir', 'DAGS_FOLDER/DataFetcher.py', '--cfg-path', '/tmp/tmpw6fl_naq']
[2023-10-30T05:19:57.587+0000] {standard_task_runner.py:85} INFO - Job 690: Subtask fetch_opensky_data
[2023-10-30T05:19:57.995+0000] {task_command.py:416} INFO - Running <TaskInstance: opensky_data_processing.fetch_opensky_data scheduled__2023-10-26T03:00:00+00:00 [running]> on host ip-172-31-33-29.ec2.internal
[2023-10-30T05:19:58.666+0000] {taskinstance.py:1662} INFO - Exporting env vars: AIRFLOW_CTX_DAG_OWNER='adayani' AIRFLOW_CTX_DAG_ID='opensky_data_processing' AIRFLOW_CTX_TASK_ID='fetch_opensky_data' AIRFLOW_CTX_EXECUTION_DATE='2023-10-26T03:00:00+00:00' AIRFLOW_CTX_TRY_NUMBER='1' AIRFLOW_CTX_DAG_RUN_ID='scheduled__2023-10-26T03:00:00+00:00'
[2023-10-30T05:20:59.560+0000] {logging_mixin.py:151} INFO - HTTP Error: 502
[2023-10-30T05:20:59.561+0000] {python.py:194} INFO - Done. Returned value was: None
[2023-10-30T05:20:59.588+0000] {taskinstance.py:1400} INFO - Marking task as SUCCESS. dag_id=opensky_data_processing, task_id=fetch_opensky_data, execution_date=20231026T030000, start_date=20231030T051957, end_date=20231030T052059
[2023-10-30T05:20:59.647+0000] {local_task_job_runner.py:228} INFO - Task exited with return code 0
[2023-10-30T05:20:59.689+0000] {taskinstance.py:2778} INFO - 1 downstream tasks scheduled from follow-on schedule check
[2023-10-31T03:58:17.773+0000] {taskinstance.py:1159} INFO - Dependencies all met for dep_context=non-requeueable deps ti=<TaskInstance: opensky_data_processing.fetch_opensky_data scheduled__2023-10-26T03:00:00+00:00 [queued]>
[2023-10-31T03:58:17.839+0000] {taskinstance.py:1159} INFO - Dependencies all met for dep_context=requeueable deps ti=<TaskInstance: opensky_data_processing.fetch_opensky_data scheduled__2023-10-26T03:00:00+00:00 [queued]>
[2023-10-31T03:58:17.840+0000] {taskinstance.py:1361} INFO - Starting attempt 1 of 101
[2023-10-31T03:58:17.944+0000] {taskinstance.py:1382} INFO - Executing <Task(PythonOperator): fetch_opensky_data> on 2023-10-26 03:00:00+00:00
[2023-10-31T03:58:17.985+0000] {standard_task_runner.py:57} INFO - Started process 242966 to run task
[2023-10-31T03:58:18.036+0000] {standard_task_runner.py:84} INFO - Running: ['airflow', 'tasks', 'run', 'opensky_data_processing', 'fetch_opensky_data', 'scheduled__2023-10-26T03:00:00+00:00', '--job-id', '2104', '--raw', '--subdir', 'DAGS_FOLDER/DataFetcher.py', '--cfg-path', '/tmp/tmpjofdmeag']
[2023-10-31T03:58:18.054+0000] {standard_task_runner.py:85} INFO - Job 2104: Subtask fetch_opensky_data
[2023-10-31T03:58:18.551+0000] {task_command.py:416} INFO - Running <TaskInstance: opensky_data_processing.fetch_opensky_data scheduled__2023-10-26T03:00:00+00:00 [running]> on host ip-172-31-33-29.ec2.internal
[2023-10-31T03:58:19.221+0000] {taskinstance.py:1662} INFO - Exporting env vars: AIRFLOW_CTX_DAG_OWNER='adayani' AIRFLOW_CTX_DAG_ID='opensky_data_processing' AIRFLOW_CTX_TASK_ID='fetch_opensky_data' AIRFLOW_CTX_EXECUTION_DATE='2023-10-26T03:00:00+00:00' AIRFLOW_CTX_TRY_NUMBER='1' AIRFLOW_CTX_DAG_RUN_ID='scheduled__2023-10-26T03:00:00+00:00'
[2023-10-31T03:58:19.222+0000] {python.py:194} INFO - Done. Returned value was: ds
[2023-10-31T03:58:19.477+0000] {taskinstance.py:1400} INFO - Marking task as SUCCESS. dag_id=opensky_data_processing, task_id=fetch_opensky_data, execution_date=20231026T030000, start_date=20231031T035817, end_date=20231031T035819
[2023-10-31T03:58:19.953+0000] {local_task_job_runner.py:228} INFO - Task exited with return code 0
[2023-10-31T03:58:20.218+0000] {taskinstance.py:2778} INFO - 1 downstream tasks scheduled from follow-on schedule check
