[2023-10-30T05:19:56.392+0000] {taskinstance.py:1159} INFO - Dependencies all met for dep_context=non-requeueable deps ti=<TaskInstance: opensky_data_processing.fetch_opensky_data scheduled__2023-10-26T02:40:00+00:00 [queued]>
[2023-10-30T05:19:56.422+0000] {taskinstance.py:1159} INFO - Dependencies all met for dep_context=requeueable deps ti=<TaskInstance: opensky_data_processing.fetch_opensky_data scheduled__2023-10-26T02:40:00+00:00 [queued]>
[2023-10-30T05:19:56.423+0000] {taskinstance.py:1361} INFO - Starting attempt 1 of 101
[2023-10-30T05:19:56.784+0000] {taskinstance.py:1382} INFO - Executing <Task(PythonOperator): fetch_opensky_data> on 2023-10-26 02:40:00+00:00
[2023-10-30T05:19:56.821+0000] {standard_task_runner.py:57} INFO - Started process 22644 to run task
[2023-10-30T05:19:56.845+0000] {standard_task_runner.py:84} INFO - Running: ['airflow', 'tasks', 'run', 'opensky_data_processing', 'fetch_opensky_data', 'scheduled__2023-10-26T02:40:00+00:00', '--job-id', '688', '--raw', '--subdir', 'DAGS_FOLDER/DataFetcher.py', '--cfg-path', '/tmp/tmp1q1ybhad']
[2023-10-30T05:19:56.852+0000] {standard_task_runner.py:85} INFO - Job 688: Subtask fetch_opensky_data
[2023-10-30T05:19:57.215+0000] {task_command.py:416} INFO - Running <TaskInstance: opensky_data_processing.fetch_opensky_data scheduled__2023-10-26T02:40:00+00:00 [running]> on host ip-172-31-33-29.ec2.internal
[2023-10-30T05:19:57.860+0000] {taskinstance.py:1662} INFO - Exporting env vars: AIRFLOW_CTX_DAG_OWNER='adayani' AIRFLOW_CTX_DAG_ID='opensky_data_processing' AIRFLOW_CTX_TASK_ID='fetch_opensky_data' AIRFLOW_CTX_EXECUTION_DATE='2023-10-26T02:40:00+00:00' AIRFLOW_CTX_TRY_NUMBER='1' AIRFLOW_CTX_DAG_RUN_ID='scheduled__2023-10-26T02:40:00+00:00'
[2023-10-30T05:20:58.935+0000] {logging_mixin.py:151} INFO - HTTP Error: 502
[2023-10-30T05:20:58.937+0000] {python.py:194} INFO - Done. Returned value was: None
[2023-10-30T05:20:58.965+0000] {taskinstance.py:1400} INFO - Marking task as SUCCESS. dag_id=opensky_data_processing, task_id=fetch_opensky_data, execution_date=20231026T024000, start_date=20231030T051956, end_date=20231030T052058
[2023-10-30T05:20:59.110+0000] {local_task_job_runner.py:228} INFO - Task exited with return code 0
[2023-10-30T05:20:59.159+0000] {taskinstance.py:2778} INFO - 1 downstream tasks scheduled from follow-on schedule check
[2023-10-31T03:58:16.234+0000] {taskinstance.py:1159} INFO - Dependencies all met for dep_context=non-requeueable deps ti=<TaskInstance: opensky_data_processing.fetch_opensky_data scheduled__2023-10-26T02:40:00+00:00 [queued]>
[2023-10-31T03:58:16.299+0000] {taskinstance.py:1159} INFO - Dependencies all met for dep_context=requeueable deps ti=<TaskInstance: opensky_data_processing.fetch_opensky_data scheduled__2023-10-26T02:40:00+00:00 [queued]>
[2023-10-31T03:58:16.300+0000] {taskinstance.py:1361} INFO - Starting attempt 1 of 101
[2023-10-31T03:58:16.410+0000] {taskinstance.py:1382} INFO - Executing <Task(PythonOperator): fetch_opensky_data> on 2023-10-26 02:40:00+00:00
[2023-10-31T03:58:16.429+0000] {standard_task_runner.py:57} INFO - Started process 242914 to run task
[2023-10-31T03:58:16.462+0000] {standard_task_runner.py:84} INFO - Running: ['airflow', 'tasks', 'run', 'opensky_data_processing', 'fetch_opensky_data', 'scheduled__2023-10-26T02:40:00+00:00', '--job-id', '2102', '--raw', '--subdir', 'DAGS_FOLDER/DataFetcher.py', '--cfg-path', '/tmp/tmpss_34qiw']
[2023-10-31T03:58:16.476+0000] {standard_task_runner.py:85} INFO - Job 2102: Subtask fetch_opensky_data
[2023-10-31T03:58:16.840+0000] {task_command.py:416} INFO - Running <TaskInstance: opensky_data_processing.fetch_opensky_data scheduled__2023-10-26T02:40:00+00:00 [running]> on host ip-172-31-33-29.ec2.internal
[2023-10-31T03:58:17.552+0000] {taskinstance.py:1662} INFO - Exporting env vars: AIRFLOW_CTX_DAG_OWNER='adayani' AIRFLOW_CTX_DAG_ID='opensky_data_processing' AIRFLOW_CTX_TASK_ID='fetch_opensky_data' AIRFLOW_CTX_EXECUTION_DATE='2023-10-26T02:40:00+00:00' AIRFLOW_CTX_TRY_NUMBER='1' AIRFLOW_CTX_DAG_RUN_ID='scheduled__2023-10-26T02:40:00+00:00'
[2023-10-31T03:58:17.567+0000] {python.py:194} INFO - Done. Returned value was: ds
[2023-10-31T03:58:17.805+0000] {taskinstance.py:1400} INFO - Marking task as SUCCESS. dag_id=opensky_data_processing, task_id=fetch_opensky_data, execution_date=20231026T024000, start_date=20231031T035816, end_date=20231031T035817
[2023-10-31T03:58:18.000+0000] {local_task_job_runner.py:228} INFO - Task exited with return code 0
[2023-10-31T03:58:18.219+0000] {taskinstance.py:2778} INFO - 1 downstream tasks scheduled from follow-on schedule check
