[2023-10-30T05:21:02.336+0000] {taskinstance.py:1159} INFO - Dependencies all met for dep_context=non-requeueable deps ti=<TaskInstance: opensky_data_processing.opensky_producer scheduled__2023-10-26T02:40:00+00:00 [queued]>
[2023-10-30T05:21:02.384+0000] {taskinstance.py:1159} INFO - Dependencies all met for dep_context=requeueable deps ti=<TaskInstance: opensky_data_processing.opensky_producer scheduled__2023-10-26T02:40:00+00:00 [queued]>
[2023-10-30T05:21:02.384+0000] {taskinstance.py:1361} INFO - Starting attempt 1 of 101
[2023-10-30T05:21:02.670+0000] {taskinstance.py:1382} INFO - Executing <Task(ProduceToTopicOperator): opensky_producer> on 2023-10-26 02:40:00+00:00
[2023-10-30T05:21:02.702+0000] {standard_task_runner.py:57} INFO - Started process 25207 to run task
[2023-10-30T05:21:02.731+0000] {standard_task_runner.py:84} INFO - Running: ['airflow', 'tasks', 'run', 'opensky_data_processing', 'opensky_producer', 'scheduled__2023-10-26T02:40:00+00:00', '--job-id', '704', '--raw', '--subdir', 'DAGS_FOLDER/DataFetcher.py', '--cfg-path', '/tmp/tmpdho8dauv']
[2023-10-30T05:21:02.753+0000] {standard_task_runner.py:85} INFO - Job 704: Subtask opensky_producer
[2023-10-30T05:21:03.136+0000] {task_command.py:416} INFO - Running <TaskInstance: opensky_data_processing.opensky_producer scheduled__2023-10-26T02:40:00+00:00 [running]> on host ip-172-31-33-29.ec2.internal
[2023-10-30T05:21:03.782+0000] {taskinstance.py:1662} INFO - Exporting env vars: AIRFLOW_CTX_DAG_OWNER='adayani' AIRFLOW_CTX_DAG_ID='opensky_data_processing' AIRFLOW_CTX_TASK_ID='opensky_producer' AIRFLOW_CTX_EXECUTION_DATE='2023-10-26T02:40:00+00:00' AIRFLOW_CTX_TRY_NUMBER='1' AIRFLOW_CTX_DAG_RUN_ID='scheduled__2023-10-26T02:40:00+00:00'
[2023-10-30T05:21:03.885+0000] {base.py:73} INFO - Using connection ID 'kafka_default' for task execution.
[2023-10-30T05:21:03.912+0000] {produce.py:41} INFO - Producer <cimpl.Producer object at 0x7f25b04665c0>
[2023-10-30T05:21:03.914+0000] {logging_mixin.py:151} INFO - produced the data None
[2023-10-30T05:26:03.923+0000] {produce.py:33} ERROR - Failed to deliver message: KafkaError{code=_MSG_TIMED_OUT,val=-192,str="Local: Message timed out"}
[2023-10-30T05:26:03.951+0000] {taskinstance.py:1400} INFO - Marking task as SUCCESS. dag_id=opensky_data_processing, task_id=opensky_producer, execution_date=20231026T024000, start_date=20231030T052102, end_date=20231030T052603
[2023-10-30T05:26:03.992+0000] {local_task_job_runner.py:228} INFO - Task exited with return code 0
[2023-10-30T05:26:04.026+0000] {taskinstance.py:2778} INFO - 0 downstream tasks scheduled from follow-on schedule check
[2023-10-31T03:58:24.835+0000] {taskinstance.py:1159} INFO - Dependencies all met for dep_context=non-requeueable deps ti=<TaskInstance: opensky_data_processing.opensky_producer scheduled__2023-10-26T02:40:00+00:00 [queued]>
[2023-10-31T03:58:24.906+0000] {taskinstance.py:1159} INFO - Dependencies all met for dep_context=requeueable deps ti=<TaskInstance: opensky_data_processing.opensky_producer scheduled__2023-10-26T02:40:00+00:00 [queued]>
[2023-10-31T03:58:24.907+0000] {taskinstance.py:1361} INFO - Starting attempt 1 of 101
[2023-10-31T03:58:25.319+0000] {taskinstance.py:1382} INFO - Executing <Task(ProduceToTopicOperator): opensky_producer> on 2023-10-26 02:40:00+00:00
[2023-10-31T03:58:25.361+0000] {standard_task_runner.py:57} INFO - Started process 243220 to run task
[2023-10-31T03:58:25.428+0000] {standard_task_runner.py:84} INFO - Running: ['airflow', 'tasks', 'run', 'opensky_data_processing', 'opensky_producer', 'scheduled__2023-10-26T02:40:00+00:00', '--job-id', '2113', '--raw', '--subdir', 'DAGS_FOLDER/DataFetcher.py', '--cfg-path', '/tmp/tmpfftg1un4']
[2023-10-31T03:58:25.466+0000] {standard_task_runner.py:85} INFO - Job 2113: Subtask opensky_producer
[2023-10-31T03:58:26.136+0000] {task_command.py:416} INFO - Running <TaskInstance: opensky_data_processing.opensky_producer scheduled__2023-10-26T02:40:00+00:00 [running]> on host ip-172-31-33-29.ec2.internal
[2023-10-31T03:58:27.372+0000] {taskinstance.py:1662} INFO - Exporting env vars: AIRFLOW_CTX_DAG_OWNER='adayani' AIRFLOW_CTX_DAG_ID='opensky_data_processing' AIRFLOW_CTX_TASK_ID='opensky_producer' AIRFLOW_CTX_EXECUTION_DATE='2023-10-26T02:40:00+00:00' AIRFLOW_CTX_TRY_NUMBER='1' AIRFLOW_CTX_DAG_RUN_ID='scheduled__2023-10-26T02:40:00+00:00'
[2023-10-31T03:58:27.555+0000] {base.py:73} INFO - Using connection ID 'kafka_default' for task execution.
[2023-10-31T03:58:27.602+0000] {produce.py:41} INFO - Producer <cimpl.Producer object at 0x7f25b04665c0>
[2023-10-31T03:58:27.604+0000] {logging_mixin.py:151} INFO - produced the data ds
[2023-10-31T03:58:27.612+0000] {produce.py:35} INFO - Produced record to topic opensky_stream partition [0] @ offset 606
[2023-10-31T03:58:27.774+0000] {taskinstance.py:1400} INFO - Marking task as SUCCESS. dag_id=opensky_data_processing, task_id=opensky_producer, execution_date=20231026T024000, start_date=20231031T035824, end_date=20231031T035827
[2023-10-31T03:58:28.054+0000] {local_task_job_runner.py:228} INFO - Task exited with return code 0
[2023-10-31T03:58:28.253+0000] {taskinstance.py:2778} INFO - 0 downstream tasks scheduled from follow-on schedule check
