[2023-11-01T00:31:40.441+0000] {processor.py:157} INFO - Started process (PID=343958) to work on /home/ubuntu/data-engineering/airflow/dags/DataFetcher.py
[2023-11-01T00:31:40.442+0000] {processor.py:829} INFO - Processing file /home/ubuntu/data-engineering/airflow/dags/DataFetcher.py for tasks to queue
[2023-11-01T00:31:40.443+0000] {logging_mixin.py:151} INFO - [2023-11-01T00:31:40.443+0000] {dagbag.py:536} INFO - Filling up the DagBag from /home/ubuntu/data-engineering/airflow/dags/DataFetcher.py
[2023-11-01T00:31:41.498+0000] {processor.py:839} INFO - DAG(s) dict_keys(['opensky_data_processing']) retrieved from /home/ubuntu/data-engineering/airflow/dags/DataFetcher.py
[2023-11-01T00:31:41.603+0000] {logging_mixin.py:151} INFO - [2023-11-01T00:31:41.602+0000] {dag.py:2941} INFO - Sync 1 DAGs
[2023-11-01T00:31:41.623+0000] {logging_mixin.py:151} INFO - [2023-11-01T00:31:41.623+0000] {dag.py:3722} INFO - Setting next_dagrun for opensky_data_processing to 2023-11-01T00:31:35.623541+00:00, run_after=2023-11-01T00:31:41.623541+00:00
[2023-11-01T00:31:41.663+0000] {processor.py:179} INFO - Processing /home/ubuntu/data-engineering/airflow/dags/DataFetcher.py took 1.225 seconds
[2023-11-01T00:32:39.750+0000] {processor.py:157} INFO - Started process (PID=344719) to work on /home/ubuntu/data-engineering/airflow/dags/DataFetcher.py
[2023-11-01T00:32:39.752+0000] {processor.py:829} INFO - Processing file /home/ubuntu/data-engineering/airflow/dags/DataFetcher.py for tasks to queue
[2023-11-01T00:32:39.752+0000] {logging_mixin.py:151} INFO - [2023-11-01T00:32:39.752+0000] {dagbag.py:536} INFO - Filling up the DagBag from /home/ubuntu/data-engineering/airflow/dags/DataFetcher.py
[2023-11-01T00:32:40.422+0000] {processor.py:839} INFO - DAG(s) dict_keys(['opensky_data_processing']) retrieved from /home/ubuntu/data-engineering/airflow/dags/DataFetcher.py
[2023-11-01T00:32:40.546+0000] {logging_mixin.py:151} INFO - [2023-11-01T00:32:40.545+0000] {dag.py:2941} INFO - Sync 1 DAGs
[2023-11-01T00:32:40.569+0000] {logging_mixin.py:151} INFO - [2023-11-01T00:32:40.569+0000] {dag.py:3722} INFO - Setting next_dagrun for opensky_data_processing to 2023-11-01T00:32:34.569670+00:00, run_after=2023-11-01T00:32:40.569670+00:00
[2023-11-01T00:32:40.605+0000] {processor.py:179} INFO - Processing /home/ubuntu/data-engineering/airflow/dags/DataFetcher.py took 0.858 seconds
[2023-11-01T00:33:11.359+0000] {processor.py:157} INFO - Started process (PID=344905) to work on /home/ubuntu/data-engineering/airflow/dags/DataFetcher.py
[2023-11-01T00:33:11.361+0000] {processor.py:829} INFO - Processing file /home/ubuntu/data-engineering/airflow/dags/DataFetcher.py for tasks to queue
[2023-11-01T00:33:11.362+0000] {logging_mixin.py:151} INFO - [2023-11-01T00:33:11.361+0000] {dagbag.py:536} INFO - Filling up the DagBag from /home/ubuntu/data-engineering/airflow/dags/DataFetcher.py
[2023-11-01T00:33:11.720+0000] {processor.py:839} INFO - DAG(s) dict_keys(['opensky_data_processing']) retrieved from /home/ubuntu/data-engineering/airflow/dags/DataFetcher.py
[2023-11-01T00:33:11.813+0000] {logging_mixin.py:151} INFO - [2023-11-01T00:33:11.813+0000] {dag.py:2941} INFO - Sync 1 DAGs
[2023-11-01T00:33:11.834+0000] {logging_mixin.py:151} INFO - [2023-11-01T00:33:11.834+0000] {dag.py:3722} INFO - Setting next_dagrun for opensky_data_processing to 2023-11-01T00:33:05.834281+00:00, run_after=2023-11-01T00:33:11.834281+00:00
[2023-11-01T00:33:11.873+0000] {processor.py:179} INFO - Processing /home/ubuntu/data-engineering/airflow/dags/DataFetcher.py took 0.518 seconds
[2023-11-01T00:34:16.648+0000] {processor.py:157} INFO - Started process (PID=345811) to work on /home/ubuntu/data-engineering/airflow/dags/DataFetcher.py
[2023-11-01T00:34:16.650+0000] {processor.py:829} INFO - Processing file /home/ubuntu/data-engineering/airflow/dags/DataFetcher.py for tasks to queue
[2023-11-01T00:34:16.654+0000] {logging_mixin.py:151} INFO - [2023-11-01T00:34:16.654+0000] {dagbag.py:536} INFO - Filling up the DagBag from /home/ubuntu/data-engineering/airflow/dags/DataFetcher.py
[2023-11-01T00:34:17.175+0000] {processor.py:839} INFO - DAG(s) dict_keys(['opensky_data_processing']) retrieved from /home/ubuntu/data-engineering/airflow/dags/DataFetcher.py
[2023-11-01T00:34:17.271+0000] {logging_mixin.py:151} INFO - [2023-11-01T00:34:17.270+0000] {dag.py:2941} INFO - Sync 1 DAGs
[2023-11-01T00:34:17.291+0000] {logging_mixin.py:151} INFO - [2023-11-01T00:34:17.291+0000] {dag.py:3722} INFO - Setting next_dagrun for opensky_data_processing to 2023-11-01T00:34:11.290936+00:00, run_after=2023-11-01T00:34:17.290936+00:00
[2023-11-01T00:34:17.326+0000] {processor.py:179} INFO - Processing /home/ubuntu/data-engineering/airflow/dags/DataFetcher.py took 0.682 seconds
[2023-11-01T00:34:47.575+0000] {processor.py:157} INFO - Started process (PID=346132) to work on /home/ubuntu/data-engineering/airflow/dags/DataFetcher.py
[2023-11-01T00:34:47.575+0000] {processor.py:829} INFO - Processing file /home/ubuntu/data-engineering/airflow/dags/DataFetcher.py for tasks to queue
[2023-11-01T00:34:47.576+0000] {logging_mixin.py:151} INFO - [2023-11-01T00:34:47.576+0000] {dagbag.py:536} INFO - Filling up the DagBag from /home/ubuntu/data-engineering/airflow/dags/DataFetcher.py
[2023-11-01T00:34:48.035+0000] {processor.py:839} INFO - DAG(s) dict_keys(['opensky_data_processing']) retrieved from /home/ubuntu/data-engineering/airflow/dags/DataFetcher.py
[2023-11-01T00:34:48.164+0000] {logging_mixin.py:151} INFO - [2023-11-01T00:34:48.162+0000] {dag.py:2941} INFO - Sync 1 DAGs
[2023-11-01T00:34:48.228+0000] {logging_mixin.py:151} INFO - [2023-11-01T00:34:48.228+0000] {dag.py:3722} INFO - Setting next_dagrun for opensky_data_processing to 2023-11-01T00:34:42.227805+00:00, run_after=2023-11-01T00:34:48.227805+00:00
[2023-11-01T00:34:48.280+0000] {processor.py:179} INFO - Processing /home/ubuntu/data-engineering/airflow/dags/DataFetcher.py took 0.709 seconds
[2023-11-01T00:35:18.876+0000] {processor.py:157} INFO - Started process (PID=346205) to work on /home/ubuntu/data-engineering/airflow/dags/DataFetcher.py
[2023-11-01T00:35:18.877+0000] {processor.py:829} INFO - Processing file /home/ubuntu/data-engineering/airflow/dags/DataFetcher.py for tasks to queue
[2023-11-01T00:35:18.878+0000] {logging_mixin.py:151} INFO - [2023-11-01T00:35:18.878+0000] {dagbag.py:536} INFO - Filling up the DagBag from /home/ubuntu/data-engineering/airflow/dags/DataFetcher.py
[2023-11-01T00:35:19.225+0000] {processor.py:839} INFO - DAG(s) dict_keys(['opensky_data_processing']) retrieved from /home/ubuntu/data-engineering/airflow/dags/DataFetcher.py
[2023-11-01T00:35:19.242+0000] {logging_mixin.py:151} INFO - [2023-11-01T00:35:19.241+0000] {dag.py:2941} INFO - Sync 1 DAGs
[2023-11-01T00:35:19.263+0000] {logging_mixin.py:151} INFO - [2023-11-01T00:35:19.262+0000] {dag.py:3722} INFO - Setting next_dagrun for opensky_data_processing to 2023-11-01T00:35:13.262788+00:00, run_after=2023-11-01T00:35:19.262788+00:00
[2023-11-01T00:35:19.293+0000] {processor.py:179} INFO - Processing /home/ubuntu/data-engineering/airflow/dags/DataFetcher.py took 0.420 seconds
[2023-11-01T00:35:49.333+0000] {processor.py:157} INFO - Started process (PID=346216) to work on /home/ubuntu/data-engineering/airflow/dags/DataFetcher.py
[2023-11-01T00:35:49.334+0000] {processor.py:829} INFO - Processing file /home/ubuntu/data-engineering/airflow/dags/DataFetcher.py for tasks to queue
[2023-11-01T00:35:49.334+0000] {logging_mixin.py:151} INFO - [2023-11-01T00:35:49.334+0000] {dagbag.py:536} INFO - Filling up the DagBag from /home/ubuntu/data-engineering/airflow/dags/DataFetcher.py
[2023-11-01T00:35:49.702+0000] {processor.py:839} INFO - DAG(s) dict_keys(['opensky_data_processing']) retrieved from /home/ubuntu/data-engineering/airflow/dags/DataFetcher.py
[2023-11-01T00:35:49.798+0000] {logging_mixin.py:151} INFO - [2023-11-01T00:35:49.797+0000] {dag.py:2941} INFO - Sync 1 DAGs
[2023-11-01T00:35:49.825+0000] {logging_mixin.py:151} INFO - [2023-11-01T00:35:49.824+0000] {dag.py:3722} INFO - Setting next_dagrun for opensky_data_processing to 2023-11-01T00:35:43.824830+00:00, run_after=2023-11-01T00:35:49.824830+00:00
[2023-11-01T00:35:49.865+0000] {processor.py:179} INFO - Processing /home/ubuntu/data-engineering/airflow/dags/DataFetcher.py took 0.535 seconds
[2023-11-01T00:36:20.577+0000] {processor.py:157} INFO - Started process (PID=346227) to work on /home/ubuntu/data-engineering/airflow/dags/DataFetcher.py
[2023-11-01T00:36:20.578+0000] {processor.py:829} INFO - Processing file /home/ubuntu/data-engineering/airflow/dags/DataFetcher.py for tasks to queue
[2023-11-01T00:36:20.578+0000] {logging_mixin.py:151} INFO - [2023-11-01T00:36:20.578+0000] {dagbag.py:536} INFO - Filling up the DagBag from /home/ubuntu/data-engineering/airflow/dags/DataFetcher.py
[2023-11-01T00:36:20.922+0000] {processor.py:839} INFO - DAG(s) dict_keys(['opensky_data_processing']) retrieved from /home/ubuntu/data-engineering/airflow/dags/DataFetcher.py
[2023-11-01T00:36:21.024+0000] {logging_mixin.py:151} INFO - [2023-11-01T00:36:21.022+0000] {dag.py:2941} INFO - Sync 1 DAGs
[2023-11-01T00:36:21.044+0000] {logging_mixin.py:151} INFO - [2023-11-01T00:36:21.043+0000] {dag.py:3722} INFO - Setting next_dagrun for opensky_data_processing to 2023-11-01T00:36:15.043722+00:00, run_after=2023-11-01T00:36:21.043722+00:00
[2023-11-01T00:36:21.078+0000] {processor.py:179} INFO - Processing /home/ubuntu/data-engineering/airflow/dags/DataFetcher.py took 0.504 seconds
[2023-11-01T00:36:51.883+0000] {processor.py:157} INFO - Started process (PID=346238) to work on /home/ubuntu/data-engineering/airflow/dags/DataFetcher.py
[2023-11-01T00:36:51.884+0000] {processor.py:829} INFO - Processing file /home/ubuntu/data-engineering/airflow/dags/DataFetcher.py for tasks to queue
[2023-11-01T00:36:51.885+0000] {logging_mixin.py:151} INFO - [2023-11-01T00:36:51.885+0000] {dagbag.py:536} INFO - Filling up the DagBag from /home/ubuntu/data-engineering/airflow/dags/DataFetcher.py
[2023-11-01T00:36:52.235+0000] {processor.py:839} INFO - DAG(s) dict_keys(['opensky_data_processing']) retrieved from /home/ubuntu/data-engineering/airflow/dags/DataFetcher.py
[2023-11-01T00:36:52.332+0000] {logging_mixin.py:151} INFO - [2023-11-01T00:36:52.331+0000] {dag.py:2941} INFO - Sync 1 DAGs
[2023-11-01T00:36:52.353+0000] {logging_mixin.py:151} INFO - [2023-11-01T00:36:52.353+0000] {dag.py:3722} INFO - Setting next_dagrun for opensky_data_processing to 2023-11-01T00:36:46.353135+00:00, run_after=2023-11-01T00:36:52.353135+00:00
[2023-11-01T00:36:52.388+0000] {processor.py:179} INFO - Processing /home/ubuntu/data-engineering/airflow/dags/DataFetcher.py took 0.508 seconds
[2023-11-01T00:37:23.317+0000] {processor.py:157} INFO - Started process (PID=346249) to work on /home/ubuntu/data-engineering/airflow/dags/DataFetcher.py
[2023-11-01T00:37:23.318+0000] {processor.py:829} INFO - Processing file /home/ubuntu/data-engineering/airflow/dags/DataFetcher.py for tasks to queue
[2023-11-01T00:37:23.319+0000] {logging_mixin.py:151} INFO - [2023-11-01T00:37:23.318+0000] {dagbag.py:536} INFO - Filling up the DagBag from /home/ubuntu/data-engineering/airflow/dags/DataFetcher.py
[2023-11-01T00:37:23.680+0000] {processor.py:839} INFO - DAG(s) dict_keys(['opensky_data_processing']) retrieved from /home/ubuntu/data-engineering/airflow/dags/DataFetcher.py
[2023-11-01T00:37:23.701+0000] {logging_mixin.py:151} INFO - [2023-11-01T00:37:23.700+0000] {dag.py:2941} INFO - Sync 1 DAGs
[2023-11-01T00:37:23.726+0000] {logging_mixin.py:151} INFO - [2023-11-01T00:37:23.725+0000] {dag.py:3722} INFO - Setting next_dagrun for opensky_data_processing to 2023-11-01T00:37:17.725679+00:00, run_after=2023-11-01T00:37:23.725679+00:00
[2023-11-01T00:37:23.757+0000] {processor.py:179} INFO - Processing /home/ubuntu/data-engineering/airflow/dags/DataFetcher.py took 0.443 seconds
[2023-11-01T00:37:54.635+0000] {processor.py:157} INFO - Started process (PID=346263) to work on /home/ubuntu/data-engineering/airflow/dags/DataFetcher.py
[2023-11-01T00:37:54.637+0000] {processor.py:829} INFO - Processing file /home/ubuntu/data-engineering/airflow/dags/DataFetcher.py for tasks to queue
[2023-11-01T00:37:54.637+0000] {logging_mixin.py:151} INFO - [2023-11-01T00:37:54.637+0000] {dagbag.py:536} INFO - Filling up the DagBag from /home/ubuntu/data-engineering/airflow/dags/DataFetcher.py
[2023-11-01T00:37:54.973+0000] {processor.py:839} INFO - DAG(s) dict_keys(['opensky_data_processing']) retrieved from /home/ubuntu/data-engineering/airflow/dags/DataFetcher.py
[2023-11-01T00:37:54.993+0000] {logging_mixin.py:151} INFO - [2023-11-01T00:37:54.992+0000] {dag.py:2941} INFO - Sync 1 DAGs
[2023-11-01T00:37:55.021+0000] {logging_mixin.py:151} INFO - [2023-11-01T00:37:55.020+0000] {dag.py:3722} INFO - Setting next_dagrun for opensky_data_processing to 2023-11-01T00:37:49.020814+00:00, run_after=2023-11-01T00:37:55.020814+00:00
[2023-11-01T00:37:55.057+0000] {processor.py:179} INFO - Processing /home/ubuntu/data-engineering/airflow/dags/DataFetcher.py took 0.425 seconds
[2023-11-01T00:38:25.947+0000] {processor.py:157} INFO - Started process (PID=346284) to work on /home/ubuntu/data-engineering/airflow/dags/DataFetcher.py
[2023-11-01T00:38:25.948+0000] {processor.py:829} INFO - Processing file /home/ubuntu/data-engineering/airflow/dags/DataFetcher.py for tasks to queue
[2023-11-01T00:38:25.949+0000] {logging_mixin.py:151} INFO - [2023-11-01T00:38:25.949+0000] {dagbag.py:536} INFO - Filling up the DagBag from /home/ubuntu/data-engineering/airflow/dags/DataFetcher.py
[2023-11-01T00:38:26.411+0000] {processor.py:839} INFO - DAG(s) dict_keys(['opensky_data_processing']) retrieved from /home/ubuntu/data-engineering/airflow/dags/DataFetcher.py
[2023-11-01T00:38:26.430+0000] {logging_mixin.py:151} INFO - [2023-11-01T00:38:26.429+0000] {dag.py:2941} INFO - Sync 1 DAGs
[2023-11-01T00:38:26.453+0000] {logging_mixin.py:151} INFO - [2023-11-01T00:38:26.453+0000] {dag.py:3722} INFO - Setting next_dagrun for opensky_data_processing to 2023-11-01T00:38:20.452998+00:00, run_after=2023-11-01T00:38:26.452998+00:00
[2023-11-01T00:38:26.497+0000] {processor.py:179} INFO - Processing /home/ubuntu/data-engineering/airflow/dags/DataFetcher.py took 0.554 seconds
[2023-11-01T00:38:56.596+0000] {processor.py:157} INFO - Started process (PID=346355) to work on /home/ubuntu/data-engineering/airflow/dags/DataFetcher.py
[2023-11-01T00:38:56.598+0000] {processor.py:829} INFO - Processing file /home/ubuntu/data-engineering/airflow/dags/DataFetcher.py for tasks to queue
[2023-11-01T00:38:56.599+0000] {logging_mixin.py:151} INFO - [2023-11-01T00:38:56.598+0000] {dagbag.py:536} INFO - Filling up the DagBag from /home/ubuntu/data-engineering/airflow/dags/DataFetcher.py
[2023-11-01T00:38:56.985+0000] {processor.py:839} INFO - DAG(s) dict_keys(['opensky_data_processing']) retrieved from /home/ubuntu/data-engineering/airflow/dags/DataFetcher.py
[2023-11-01T00:38:57.083+0000] {logging_mixin.py:151} INFO - [2023-11-01T00:38:57.082+0000] {dag.py:2941} INFO - Sync 1 DAGs
[2023-11-01T00:38:57.103+0000] {logging_mixin.py:151} INFO - [2023-11-01T00:38:57.103+0000] {dag.py:3722} INFO - Setting next_dagrun for opensky_data_processing to 2023-11-01T00:38:51.103197+00:00, run_after=2023-11-01T00:38:57.103197+00:00
[2023-11-01T00:38:57.141+0000] {processor.py:179} INFO - Processing /home/ubuntu/data-engineering/airflow/dags/DataFetcher.py took 0.548 seconds
[2023-11-01T00:39:27.310+0000] {processor.py:157} INFO - Started process (PID=346495) to work on /home/ubuntu/data-engineering/airflow/dags/DataFetcher.py
[2023-11-01T00:39:27.311+0000] {processor.py:829} INFO - Processing file /home/ubuntu/data-engineering/airflow/dags/DataFetcher.py for tasks to queue
[2023-11-01T00:39:27.311+0000] {logging_mixin.py:151} INFO - [2023-11-01T00:39:27.311+0000] {dagbag.py:536} INFO - Filling up the DagBag from /home/ubuntu/data-engineering/airflow/dags/DataFetcher.py
[2023-11-01T00:39:27.674+0000] {processor.py:839} INFO - DAG(s) dict_keys(['opensky_data_processing']) retrieved from /home/ubuntu/data-engineering/airflow/dags/DataFetcher.py
[2023-11-01T00:39:27.768+0000] {logging_mixin.py:151} INFO - [2023-11-01T00:39:27.767+0000] {dag.py:2941} INFO - Sync 1 DAGs
[2023-11-01T00:39:27.787+0000] {logging_mixin.py:151} INFO - [2023-11-01T00:39:27.787+0000] {dag.py:3722} INFO - Setting next_dagrun for opensky_data_processing to 2023-11-01T00:39:21.787585+00:00, run_after=2023-11-01T00:39:27.787585+00:00
[2023-11-01T00:39:27.824+0000] {processor.py:179} INFO - Processing /home/ubuntu/data-engineering/airflow/dags/DataFetcher.py took 0.518 seconds
[2023-11-01T00:39:58.077+0000] {processor.py:157} INFO - Started process (PID=346506) to work on /home/ubuntu/data-engineering/airflow/dags/DataFetcher.py
[2023-11-01T00:39:58.078+0000] {processor.py:829} INFO - Processing file /home/ubuntu/data-engineering/airflow/dags/DataFetcher.py for tasks to queue
[2023-11-01T00:39:58.078+0000] {logging_mixin.py:151} INFO - [2023-11-01T00:39:58.078+0000] {dagbag.py:536} INFO - Filling up the DagBag from /home/ubuntu/data-engineering/airflow/dags/DataFetcher.py
[2023-11-01T00:39:58.432+0000] {processor.py:839} INFO - DAG(s) dict_keys(['opensky_data_processing']) retrieved from /home/ubuntu/data-engineering/airflow/dags/DataFetcher.py
[2023-11-01T00:39:58.540+0000] {logging_mixin.py:151} INFO - [2023-11-01T00:39:58.539+0000] {dag.py:2941} INFO - Sync 1 DAGs
[2023-11-01T00:39:58.560+0000] {logging_mixin.py:151} INFO - [2023-11-01T00:39:58.560+0000] {dag.py:3722} INFO - Setting next_dagrun for opensky_data_processing to 2023-11-01T00:39:52.560003+00:00, run_after=2023-11-01T00:39:58.560003+00:00
[2023-11-01T00:39:58.593+0000] {processor.py:179} INFO - Processing /home/ubuntu/data-engineering/airflow/dags/DataFetcher.py took 0.520 seconds
[2023-11-01T00:40:29.517+0000] {processor.py:157} INFO - Started process (PID=346517) to work on /home/ubuntu/data-engineering/airflow/dags/DataFetcher.py
[2023-11-01T00:40:29.519+0000] {processor.py:829} INFO - Processing file /home/ubuntu/data-engineering/airflow/dags/DataFetcher.py for tasks to queue
[2023-11-01T00:40:29.519+0000] {logging_mixin.py:151} INFO - [2023-11-01T00:40:29.519+0000] {dagbag.py:536} INFO - Filling up the DagBag from /home/ubuntu/data-engineering/airflow/dags/DataFetcher.py
[2023-11-01T00:40:29.868+0000] {processor.py:839} INFO - DAG(s) dict_keys(['opensky_data_processing']) retrieved from /home/ubuntu/data-engineering/airflow/dags/DataFetcher.py
[2023-11-01T00:40:29.965+0000] {logging_mixin.py:151} INFO - [2023-11-01T00:40:29.965+0000] {dag.py:2941} INFO - Sync 1 DAGs
[2023-11-01T00:40:29.985+0000] {logging_mixin.py:151} INFO - [2023-11-01T00:40:29.984+0000] {dag.py:3722} INFO - Setting next_dagrun for opensky_data_processing to 2023-11-01T00:40:23.984729+00:00, run_after=2023-11-01T00:40:29.984729+00:00
[2023-11-01T00:40:30.038+0000] {processor.py:179} INFO - Processing /home/ubuntu/data-engineering/airflow/dags/DataFetcher.py took 0.524 seconds
[2023-11-01T00:41:00.835+0000] {processor.py:157} INFO - Started process (PID=346528) to work on /home/ubuntu/data-engineering/airflow/dags/DataFetcher.py
[2023-11-01T00:41:00.836+0000] {processor.py:829} INFO - Processing file /home/ubuntu/data-engineering/airflow/dags/DataFetcher.py for tasks to queue
[2023-11-01T00:41:00.837+0000] {logging_mixin.py:151} INFO - [2023-11-01T00:41:00.837+0000] {dagbag.py:536} INFO - Filling up the DagBag from /home/ubuntu/data-engineering/airflow/dags/DataFetcher.py
[2023-11-01T00:41:01.193+0000] {processor.py:839} INFO - DAG(s) dict_keys(['opensky_data_processing']) retrieved from /home/ubuntu/data-engineering/airflow/dags/DataFetcher.py
[2023-11-01T00:41:01.214+0000] {logging_mixin.py:151} INFO - [2023-11-01T00:41:01.214+0000] {dag.py:2941} INFO - Sync 1 DAGs
[2023-11-01T00:41:01.237+0000] {logging_mixin.py:151} INFO - [2023-11-01T00:41:01.237+0000] {dag.py:3722} INFO - Setting next_dagrun for opensky_data_processing to 2023-11-01T00:40:55.237055+00:00, run_after=2023-11-01T00:41:01.237055+00:00
[2023-11-01T00:41:01.273+0000] {processor.py:179} INFO - Processing /home/ubuntu/data-engineering/airflow/dags/DataFetcher.py took 0.441 seconds
[2023-11-01T00:41:31.314+0000] {processor.py:157} INFO - Started process (PID=346539) to work on /home/ubuntu/data-engineering/airflow/dags/DataFetcher.py
[2023-11-01T00:41:31.315+0000] {processor.py:829} INFO - Processing file /home/ubuntu/data-engineering/airflow/dags/DataFetcher.py for tasks to queue
[2023-11-01T00:41:31.316+0000] {logging_mixin.py:151} INFO - [2023-11-01T00:41:31.315+0000] {dagbag.py:536} INFO - Filling up the DagBag from /home/ubuntu/data-engineering/airflow/dags/DataFetcher.py
[2023-11-01T00:41:31.662+0000] {processor.py:839} INFO - DAG(s) dict_keys(['opensky_data_processing']) retrieved from /home/ubuntu/data-engineering/airflow/dags/DataFetcher.py
[2023-11-01T00:41:31.680+0000] {logging_mixin.py:151} INFO - [2023-11-01T00:41:31.680+0000] {dag.py:2941} INFO - Sync 1 DAGs
[2023-11-01T00:41:31.715+0000] {logging_mixin.py:151} INFO - [2023-11-01T00:41:31.715+0000] {dag.py:3722} INFO - Setting next_dagrun for opensky_data_processing to 2023-11-01T00:41:25.715180+00:00, run_after=2023-11-01T00:41:31.715180+00:00
[2023-11-01T00:41:31.748+0000] {processor.py:179} INFO - Processing /home/ubuntu/data-engineering/airflow/dags/DataFetcher.py took 0.437 seconds
[2023-11-01T00:42:02.548+0000] {processor.py:157} INFO - Started process (PID=346550) to work on /home/ubuntu/data-engineering/airflow/dags/DataFetcher.py
[2023-11-01T00:42:02.549+0000] {processor.py:829} INFO - Processing file /home/ubuntu/data-engineering/airflow/dags/DataFetcher.py for tasks to queue
[2023-11-01T00:42:02.550+0000] {logging_mixin.py:151} INFO - [2023-11-01T00:42:02.550+0000] {dagbag.py:536} INFO - Filling up the DagBag from /home/ubuntu/data-engineering/airflow/dags/DataFetcher.py
[2023-11-01T00:42:02.892+0000] {processor.py:839} INFO - DAG(s) dict_keys(['opensky_data_processing']) retrieved from /home/ubuntu/data-engineering/airflow/dags/DataFetcher.py
[2023-11-01T00:42:02.994+0000] {logging_mixin.py:151} INFO - [2023-11-01T00:42:02.993+0000] {dag.py:2941} INFO - Sync 1 DAGs
[2023-11-01T00:42:03.019+0000] {logging_mixin.py:151} INFO - [2023-11-01T00:42:03.019+0000] {dag.py:3722} INFO - Setting next_dagrun for opensky_data_processing to 2023-11-01T00:41:57.019260+00:00, run_after=2023-11-01T00:42:03.019260+00:00
[2023-11-01T00:42:03.060+0000] {processor.py:179} INFO - Processing /home/ubuntu/data-engineering/airflow/dags/DataFetcher.py took 0.515 seconds
[2023-11-01T00:42:33.115+0000] {processor.py:157} INFO - Started process (PID=346561) to work on /home/ubuntu/data-engineering/airflow/dags/DataFetcher.py
[2023-11-01T00:42:33.115+0000] {processor.py:829} INFO - Processing file /home/ubuntu/data-engineering/airflow/dags/DataFetcher.py for tasks to queue
[2023-11-01T00:42:33.116+0000] {logging_mixin.py:151} INFO - [2023-11-01T00:42:33.116+0000] {dagbag.py:536} INFO - Filling up the DagBag from /home/ubuntu/data-engineering/airflow/dags/DataFetcher.py
[2023-11-01T00:42:33.467+0000] {processor.py:839} INFO - DAG(s) dict_keys(['opensky_data_processing']) retrieved from /home/ubuntu/data-engineering/airflow/dags/DataFetcher.py
[2023-11-01T00:42:33.488+0000] {logging_mixin.py:151} INFO - [2023-11-01T00:42:33.487+0000] {dag.py:2941} INFO - Sync 1 DAGs
[2023-11-01T00:42:33.513+0000] {logging_mixin.py:151} INFO - [2023-11-01T00:42:33.513+0000] {dag.py:3722} INFO - Setting next_dagrun for opensky_data_processing to 2023-11-01T00:42:27.512964+00:00, run_after=2023-11-01T00:42:33.512964+00:00
[2023-11-01T00:42:33.546+0000] {processor.py:179} INFO - Processing /home/ubuntu/data-engineering/airflow/dags/DataFetcher.py took 0.435 seconds
[2023-11-01T00:43:04.350+0000] {processor.py:157} INFO - Started process (PID=346572) to work on /home/ubuntu/data-engineering/airflow/dags/DataFetcher.py
[2023-11-01T00:43:04.351+0000] {processor.py:829} INFO - Processing file /home/ubuntu/data-engineering/airflow/dags/DataFetcher.py for tasks to queue
[2023-11-01T00:43:04.352+0000] {logging_mixin.py:151} INFO - [2023-11-01T00:43:04.351+0000] {dagbag.py:536} INFO - Filling up the DagBag from /home/ubuntu/data-engineering/airflow/dags/DataFetcher.py
[2023-11-01T00:43:04.711+0000] {processor.py:839} INFO - DAG(s) dict_keys(['opensky_data_processing']) retrieved from /home/ubuntu/data-engineering/airflow/dags/DataFetcher.py
[2023-11-01T00:43:04.814+0000] {logging_mixin.py:151} INFO - [2023-11-01T00:43:04.813+0000] {dag.py:2941} INFO - Sync 1 DAGs
[2023-11-01T00:43:04.835+0000] {logging_mixin.py:151} INFO - [2023-11-01T00:43:04.835+0000] {dag.py:3722} INFO - Setting next_dagrun for opensky_data_processing to 2023-11-01T00:42:58.835530+00:00, run_after=2023-11-01T00:43:04.835530+00:00
[2023-11-01T00:43:04.873+0000] {processor.py:179} INFO - Processing /home/ubuntu/data-engineering/airflow/dags/DataFetcher.py took 0.527 seconds
[2023-11-01T00:43:35.727+0000] {processor.py:157} INFO - Started process (PID=346583) to work on /home/ubuntu/data-engineering/airflow/dags/DataFetcher.py
[2023-11-01T00:43:35.728+0000] {processor.py:829} INFO - Processing file /home/ubuntu/data-engineering/airflow/dags/DataFetcher.py for tasks to queue
[2023-11-01T00:43:35.728+0000] {logging_mixin.py:151} INFO - [2023-11-01T00:43:35.728+0000] {dagbag.py:536} INFO - Filling up the DagBag from /home/ubuntu/data-engineering/airflow/dags/DataFetcher.py
[2023-11-01T00:43:36.088+0000] {processor.py:839} INFO - DAG(s) dict_keys(['opensky_data_processing']) retrieved from /home/ubuntu/data-engineering/airflow/dags/DataFetcher.py
[2023-11-01T00:43:36.112+0000] {logging_mixin.py:151} INFO - [2023-11-01T00:43:36.112+0000] {dag.py:2941} INFO - Sync 1 DAGs
[2023-11-01T00:43:36.137+0000] {logging_mixin.py:151} INFO - [2023-11-01T00:43:36.136+0000] {dag.py:3722} INFO - Setting next_dagrun for opensky_data_processing to 2023-11-01T00:43:30.136675+00:00, run_after=2023-11-01T00:43:36.136675+00:00
[2023-11-01T00:43:36.169+0000] {processor.py:179} INFO - Processing /home/ubuntu/data-engineering/airflow/dags/DataFetcher.py took 0.446 seconds
[2023-11-01T00:44:06.218+0000] {processor.py:157} INFO - Started process (PID=346594) to work on /home/ubuntu/data-engineering/airflow/dags/DataFetcher.py
[2023-11-01T00:44:06.219+0000] {processor.py:829} INFO - Processing file /home/ubuntu/data-engineering/airflow/dags/DataFetcher.py for tasks to queue
[2023-11-01T00:44:06.220+0000] {logging_mixin.py:151} INFO - [2023-11-01T00:44:06.219+0000] {dagbag.py:536} INFO - Filling up the DagBag from /home/ubuntu/data-engineering/airflow/dags/DataFetcher.py
[2023-11-01T00:44:06.573+0000] {processor.py:839} INFO - DAG(s) dict_keys(['opensky_data_processing']) retrieved from /home/ubuntu/data-engineering/airflow/dags/DataFetcher.py
[2023-11-01T00:44:06.591+0000] {logging_mixin.py:151} INFO - [2023-11-01T00:44:06.590+0000] {dag.py:2941} INFO - Sync 1 DAGs
[2023-11-01T00:44:06.613+0000] {logging_mixin.py:151} INFO - [2023-11-01T00:44:06.613+0000] {dag.py:3722} INFO - Setting next_dagrun for opensky_data_processing to 2023-11-01T00:44:00.613112+00:00, run_after=2023-11-01T00:44:06.613112+00:00
[2023-11-01T00:44:06.647+0000] {processor.py:179} INFO - Processing /home/ubuntu/data-engineering/airflow/dags/DataFetcher.py took 0.433 seconds
[2023-11-01T00:44:37.515+0000] {processor.py:157} INFO - Started process (PID=346734) to work on /home/ubuntu/data-engineering/airflow/dags/DataFetcher.py
[2023-11-01T00:44:37.516+0000] {processor.py:829} INFO - Processing file /home/ubuntu/data-engineering/airflow/dags/DataFetcher.py for tasks to queue
[2023-11-01T00:44:37.517+0000] {logging_mixin.py:151} INFO - [2023-11-01T00:44:37.516+0000] {dagbag.py:536} INFO - Filling up the DagBag from /home/ubuntu/data-engineering/airflow/dags/DataFetcher.py
[2023-11-01T00:44:37.934+0000] {processor.py:839} INFO - DAG(s) dict_keys(['opensky_data_processing']) retrieved from /home/ubuntu/data-engineering/airflow/dags/DataFetcher.py
[2023-11-01T00:44:38.035+0000] {logging_mixin.py:151} INFO - [2023-11-01T00:44:38.033+0000] {dag.py:2941} INFO - Sync 1 DAGs
[2023-11-01T00:44:38.058+0000] {logging_mixin.py:151} INFO - [2023-11-01T00:44:38.058+0000] {dag.py:3722} INFO - Setting next_dagrun for opensky_data_processing to 2023-11-01T00:44:32.058604+00:00, run_after=2023-11-01T00:44:38.058604+00:00
[2023-11-01T00:44:38.092+0000] {processor.py:179} INFO - Processing /home/ubuntu/data-engineering/airflow/dags/DataFetcher.py took 0.582 seconds
[2023-11-01T00:45:08.126+0000] {processor.py:157} INFO - Started process (PID=346747) to work on /home/ubuntu/data-engineering/airflow/dags/DataFetcher.py
[2023-11-01T00:45:08.127+0000] {processor.py:829} INFO - Processing file /home/ubuntu/data-engineering/airflow/dags/DataFetcher.py for tasks to queue
[2023-11-01T00:45:08.128+0000] {logging_mixin.py:151} INFO - [2023-11-01T00:45:08.128+0000] {dagbag.py:536} INFO - Filling up the DagBag from /home/ubuntu/data-engineering/airflow/dags/DataFetcher.py
[2023-11-01T00:45:08.477+0000] {processor.py:839} INFO - DAG(s) dict_keys(['opensky_data_processing']) retrieved from /home/ubuntu/data-engineering/airflow/dags/DataFetcher.py
[2023-11-01T00:45:08.496+0000] {logging_mixin.py:151} INFO - [2023-11-01T00:45:08.496+0000] {dag.py:2941} INFO - Sync 1 DAGs
[2023-11-01T00:45:08.519+0000] {logging_mixin.py:151} INFO - [2023-11-01T00:45:08.519+0000] {dag.py:3722} INFO - Setting next_dagrun for opensky_data_processing to 2023-11-01T00:45:02.519373+00:00, run_after=2023-11-01T00:45:08.519373+00:00
[2023-11-01T00:45:08.553+0000] {processor.py:179} INFO - Processing /home/ubuntu/data-engineering/airflow/dags/DataFetcher.py took 0.431 seconds
[2023-11-01T00:45:39.361+0000] {processor.py:157} INFO - Started process (PID=346758) to work on /home/ubuntu/data-engineering/airflow/dags/DataFetcher.py
[2023-11-01T00:45:39.361+0000] {processor.py:829} INFO - Processing file /home/ubuntu/data-engineering/airflow/dags/DataFetcher.py for tasks to queue
[2023-11-01T00:45:39.362+0000] {logging_mixin.py:151} INFO - [2023-11-01T00:45:39.362+0000] {dagbag.py:536} INFO - Filling up the DagBag from /home/ubuntu/data-engineering/airflow/dags/DataFetcher.py
[2023-11-01T00:45:39.740+0000] {processor.py:839} INFO - DAG(s) dict_keys(['opensky_data_processing']) retrieved from /home/ubuntu/data-engineering/airflow/dags/DataFetcher.py
[2023-11-01T00:45:39.759+0000] {logging_mixin.py:151} INFO - [2023-11-01T00:45:39.758+0000] {dag.py:2941} INFO - Sync 1 DAGs
[2023-11-01T00:45:39.782+0000] {logging_mixin.py:151} INFO - [2023-11-01T00:45:39.782+0000] {dag.py:3722} INFO - Setting next_dagrun for opensky_data_processing to 2023-11-01T00:45:33.782168+00:00, run_after=2023-11-01T00:45:39.782168+00:00
[2023-11-01T00:45:39.812+0000] {processor.py:179} INFO - Processing /home/ubuntu/data-engineering/airflow/dags/DataFetcher.py took 0.455 seconds
[2023-11-01T00:46:09.878+0000] {processor.py:157} INFO - Started process (PID=346769) to work on /home/ubuntu/data-engineering/airflow/dags/DataFetcher.py
[2023-11-01T00:46:09.879+0000] {processor.py:829} INFO - Processing file /home/ubuntu/data-engineering/airflow/dags/DataFetcher.py for tasks to queue
[2023-11-01T00:46:09.880+0000] {logging_mixin.py:151} INFO - [2023-11-01T00:46:09.879+0000] {dagbag.py:536} INFO - Filling up the DagBag from /home/ubuntu/data-engineering/airflow/dags/DataFetcher.py
[2023-11-01T00:46:10.221+0000] {processor.py:839} INFO - DAG(s) dict_keys(['opensky_data_processing']) retrieved from /home/ubuntu/data-engineering/airflow/dags/DataFetcher.py
[2023-11-01T00:46:10.239+0000] {logging_mixin.py:151} INFO - [2023-11-01T00:46:10.238+0000] {dag.py:2941} INFO - Sync 1 DAGs
[2023-11-01T00:46:10.261+0000] {logging_mixin.py:151} INFO - [2023-11-01T00:46:10.261+0000] {dag.py:3722} INFO - Setting next_dagrun for opensky_data_processing to 2023-11-01T00:46:04.261006+00:00, run_after=2023-11-01T00:46:10.261006+00:00
[2023-11-01T00:46:10.295+0000] {processor.py:179} INFO - Processing /home/ubuntu/data-engineering/airflow/dags/DataFetcher.py took 0.420 seconds
[2023-11-01T00:46:41.112+0000] {processor.py:157} INFO - Started process (PID=346780) to work on /home/ubuntu/data-engineering/airflow/dags/DataFetcher.py
[2023-11-01T00:46:41.113+0000] {processor.py:829} INFO - Processing file /home/ubuntu/data-engineering/airflow/dags/DataFetcher.py for tasks to queue
[2023-11-01T00:46:41.113+0000] {logging_mixin.py:151} INFO - [2023-11-01T00:46:41.113+0000] {dagbag.py:536} INFO - Filling up the DagBag from /home/ubuntu/data-engineering/airflow/dags/DataFetcher.py
[2023-11-01T00:46:41.487+0000] {processor.py:839} INFO - DAG(s) dict_keys(['opensky_data_processing']) retrieved from /home/ubuntu/data-engineering/airflow/dags/DataFetcher.py
[2023-11-01T00:46:41.505+0000] {logging_mixin.py:151} INFO - [2023-11-01T00:46:41.504+0000] {dag.py:2941} INFO - Sync 1 DAGs
[2023-11-01T00:46:41.526+0000] {logging_mixin.py:151} INFO - [2023-11-01T00:46:41.526+0000] {dag.py:3722} INFO - Setting next_dagrun for opensky_data_processing to 2023-11-01T00:46:35.526625+00:00, run_after=2023-11-01T00:46:41.526625+00:00
[2023-11-01T00:46:41.561+0000] {processor.py:179} INFO - Processing /home/ubuntu/data-engineering/airflow/dags/DataFetcher.py took 0.453 seconds
[2023-11-01T00:47:11.644+0000] {processor.py:157} INFO - Started process (PID=346791) to work on /home/ubuntu/data-engineering/airflow/dags/DataFetcher.py
[2023-11-01T00:47:11.646+0000] {processor.py:829} INFO - Processing file /home/ubuntu/data-engineering/airflow/dags/DataFetcher.py for tasks to queue
[2023-11-01T00:47:11.647+0000] {logging_mixin.py:151} INFO - [2023-11-01T00:47:11.646+0000] {dagbag.py:536} INFO - Filling up the DagBag from /home/ubuntu/data-engineering/airflow/dags/DataFetcher.py
[2023-11-01T00:47:12.002+0000] {processor.py:839} INFO - DAG(s) dict_keys(['opensky_data_processing']) retrieved from /home/ubuntu/data-engineering/airflow/dags/DataFetcher.py
[2023-11-01T00:47:12.025+0000] {logging_mixin.py:151} INFO - [2023-11-01T00:47:12.024+0000] {dag.py:2941} INFO - Sync 1 DAGs
[2023-11-01T00:47:12.047+0000] {logging_mixin.py:151} INFO - [2023-11-01T00:47:12.047+0000] {dag.py:3722} INFO - Setting next_dagrun for opensky_data_processing to 2023-11-01T00:47:06.047218+00:00, run_after=2023-11-01T00:47:12.047218+00:00
[2023-11-01T00:47:12.080+0000] {processor.py:179} INFO - Processing /home/ubuntu/data-engineering/airflow/dags/DataFetcher.py took 0.439 seconds
[2023-11-01T00:47:42.892+0000] {processor.py:157} INFO - Started process (PID=346802) to work on /home/ubuntu/data-engineering/airflow/dags/DataFetcher.py
[2023-11-01T00:47:42.893+0000] {processor.py:829} INFO - Processing file /home/ubuntu/data-engineering/airflow/dags/DataFetcher.py for tasks to queue
[2023-11-01T00:47:42.894+0000] {logging_mixin.py:151} INFO - [2023-11-01T00:47:42.894+0000] {dagbag.py:536} INFO - Filling up the DagBag from /home/ubuntu/data-engineering/airflow/dags/DataFetcher.py
[2023-11-01T00:47:43.245+0000] {processor.py:839} INFO - DAG(s) dict_keys(['opensky_data_processing']) retrieved from /home/ubuntu/data-engineering/airflow/dags/DataFetcher.py
[2023-11-01T00:47:43.262+0000] {logging_mixin.py:151} INFO - [2023-11-01T00:47:43.262+0000] {dag.py:2941} INFO - Sync 1 DAGs
[2023-11-01T00:47:43.285+0000] {logging_mixin.py:151} INFO - [2023-11-01T00:47:43.285+0000] {dag.py:3722} INFO - Setting next_dagrun for opensky_data_processing to 2023-11-01T00:47:37.284859+00:00, run_after=2023-11-01T00:47:43.284859+00:00
[2023-11-01T00:47:43.319+0000] {processor.py:179} INFO - Processing /home/ubuntu/data-engineering/airflow/dags/DataFetcher.py took 0.430 seconds
[2023-11-01T00:48:13.396+0000] {processor.py:157} INFO - Started process (PID=346813) to work on /home/ubuntu/data-engineering/airflow/dags/DataFetcher.py
[2023-11-01T00:48:13.397+0000] {processor.py:829} INFO - Processing file /home/ubuntu/data-engineering/airflow/dags/DataFetcher.py for tasks to queue
[2023-11-01T00:48:13.397+0000] {logging_mixin.py:151} INFO - [2023-11-01T00:48:13.397+0000] {dagbag.py:536} INFO - Filling up the DagBag from /home/ubuntu/data-engineering/airflow/dags/DataFetcher.py
[2023-11-01T00:48:13.762+0000] {processor.py:839} INFO - DAG(s) dict_keys(['opensky_data_processing']) retrieved from /home/ubuntu/data-engineering/airflow/dags/DataFetcher.py
[2023-11-01T00:48:13.781+0000] {logging_mixin.py:151} INFO - [2023-11-01T00:48:13.780+0000] {dag.py:2941} INFO - Sync 1 DAGs
[2023-11-01T00:48:13.803+0000] {logging_mixin.py:151} INFO - [2023-11-01T00:48:13.803+0000] {dag.py:3722} INFO - Setting next_dagrun for opensky_data_processing to 2023-11-01T00:48:07.803039+00:00, run_after=2023-11-01T00:48:13.803039+00:00
[2023-11-01T00:48:13.837+0000] {processor.py:179} INFO - Processing /home/ubuntu/data-engineering/airflow/dags/DataFetcher.py took 0.445 seconds
[2023-11-01T00:48:44.680+0000] {processor.py:157} INFO - Started process (PID=346824) to work on /home/ubuntu/data-engineering/airflow/dags/DataFetcher.py
[2023-11-01T00:48:44.681+0000] {processor.py:829} INFO - Processing file /home/ubuntu/data-engineering/airflow/dags/DataFetcher.py for tasks to queue
[2023-11-01T00:48:44.682+0000] {logging_mixin.py:151} INFO - [2023-11-01T00:48:44.681+0000] {dagbag.py:536} INFO - Filling up the DagBag from /home/ubuntu/data-engineering/airflow/dags/DataFetcher.py
[2023-11-01T00:48:45.028+0000] {processor.py:839} INFO - DAG(s) dict_keys(['opensky_data_processing']) retrieved from /home/ubuntu/data-engineering/airflow/dags/DataFetcher.py
[2023-11-01T00:48:45.060+0000] {logging_mixin.py:151} INFO - [2023-11-01T00:48:45.059+0000] {dag.py:2941} INFO - Sync 1 DAGs
[2023-11-01T00:48:45.088+0000] {logging_mixin.py:151} INFO - [2023-11-01T00:48:45.088+0000] {dag.py:3722} INFO - Setting next_dagrun for opensky_data_processing to 2023-11-01T00:48:39.088116+00:00, run_after=2023-11-01T00:48:45.088116+00:00
[2023-11-01T00:48:45.129+0000] {processor.py:179} INFO - Processing /home/ubuntu/data-engineering/airflow/dags/DataFetcher.py took 0.453 seconds
[2023-11-01T00:49:15.209+0000] {processor.py:157} INFO - Started process (PID=346835) to work on /home/ubuntu/data-engineering/airflow/dags/DataFetcher.py
[2023-11-01T00:49:15.210+0000] {processor.py:829} INFO - Processing file /home/ubuntu/data-engineering/airflow/dags/DataFetcher.py for tasks to queue
[2023-11-01T00:49:15.211+0000] {logging_mixin.py:151} INFO - [2023-11-01T00:49:15.210+0000] {dagbag.py:536} INFO - Filling up the DagBag from /home/ubuntu/data-engineering/airflow/dags/DataFetcher.py
[2023-11-01T00:49:15.566+0000] {processor.py:839} INFO - DAG(s) dict_keys(['opensky_data_processing']) retrieved from /home/ubuntu/data-engineering/airflow/dags/DataFetcher.py
[2023-11-01T00:49:15.587+0000] {logging_mixin.py:151} INFO - [2023-11-01T00:49:15.587+0000] {dag.py:2941} INFO - Sync 1 DAGs
[2023-11-01T00:49:15.612+0000] {logging_mixin.py:151} INFO - [2023-11-01T00:49:15.612+0000] {dag.py:3722} INFO - Setting next_dagrun for opensky_data_processing to 2023-11-01T00:49:09.612219+00:00, run_after=2023-11-01T00:49:15.612219+00:00
[2023-11-01T00:49:15.648+0000] {processor.py:179} INFO - Processing /home/ubuntu/data-engineering/airflow/dags/DataFetcher.py took 0.443 seconds
[2023-11-01T00:49:46.434+0000] {processor.py:157} INFO - Started process (PID=346972) to work on /home/ubuntu/data-engineering/airflow/dags/DataFetcher.py
[2023-11-01T00:49:46.435+0000] {processor.py:829} INFO - Processing file /home/ubuntu/data-engineering/airflow/dags/DataFetcher.py for tasks to queue
[2023-11-01T00:49:46.436+0000] {logging_mixin.py:151} INFO - [2023-11-01T00:49:46.436+0000] {dagbag.py:536} INFO - Filling up the DagBag from /home/ubuntu/data-engineering/airflow/dags/DataFetcher.py
[2023-11-01T00:49:46.775+0000] {processor.py:839} INFO - DAG(s) dict_keys(['opensky_data_processing']) retrieved from /home/ubuntu/data-engineering/airflow/dags/DataFetcher.py
[2023-11-01T00:49:46.794+0000] {logging_mixin.py:151} INFO - [2023-11-01T00:49:46.793+0000] {dag.py:2941} INFO - Sync 1 DAGs
[2023-11-01T00:49:46.817+0000] {logging_mixin.py:151} INFO - [2023-11-01T00:49:46.817+0000] {dag.py:3722} INFO - Setting next_dagrun for opensky_data_processing to 2023-11-01T00:49:40.817277+00:00, run_after=2023-11-01T00:49:46.817277+00:00
[2023-11-01T00:49:46.855+0000] {processor.py:179} INFO - Processing /home/ubuntu/data-engineering/airflow/dags/DataFetcher.py took 0.425 seconds
[2023-11-01T00:50:16.965+0000] {processor.py:157} INFO - Started process (PID=346983) to work on /home/ubuntu/data-engineering/airflow/dags/DataFetcher.py
[2023-11-01T00:50:16.966+0000] {processor.py:829} INFO - Processing file /home/ubuntu/data-engineering/airflow/dags/DataFetcher.py for tasks to queue
[2023-11-01T00:50:16.967+0000] {logging_mixin.py:151} INFO - [2023-11-01T00:50:16.966+0000] {dagbag.py:536} INFO - Filling up the DagBag from /home/ubuntu/data-engineering/airflow/dags/DataFetcher.py
[2023-11-01T00:50:17.337+0000] {processor.py:839} INFO - DAG(s) dict_keys(['opensky_data_processing']) retrieved from /home/ubuntu/data-engineering/airflow/dags/DataFetcher.py
[2023-11-01T00:50:17.356+0000] {logging_mixin.py:151} INFO - [2023-11-01T00:50:17.356+0000] {dag.py:2941} INFO - Sync 1 DAGs
[2023-11-01T00:50:17.382+0000] {logging_mixin.py:151} INFO - [2023-11-01T00:50:17.382+0000] {dag.py:3722} INFO - Setting next_dagrun for opensky_data_processing to 2023-11-01T00:50:11.381871+00:00, run_after=2023-11-01T00:50:17.381871+00:00
[2023-11-01T00:50:17.413+0000] {processor.py:179} INFO - Processing /home/ubuntu/data-engineering/airflow/dags/DataFetcher.py took 0.453 seconds
[2023-11-01T00:50:48.213+0000] {processor.py:157} INFO - Started process (PID=346994) to work on /home/ubuntu/data-engineering/airflow/dags/DataFetcher.py
[2023-11-01T00:50:48.215+0000] {processor.py:829} INFO - Processing file /home/ubuntu/data-engineering/airflow/dags/DataFetcher.py for tasks to queue
[2023-11-01T00:50:48.215+0000] {logging_mixin.py:151} INFO - [2023-11-01T00:50:48.215+0000] {dagbag.py:536} INFO - Filling up the DagBag from /home/ubuntu/data-engineering/airflow/dags/DataFetcher.py
[2023-11-01T00:50:48.575+0000] {processor.py:839} INFO - DAG(s) dict_keys(['opensky_data_processing']) retrieved from /home/ubuntu/data-engineering/airflow/dags/DataFetcher.py
[2023-11-01T00:50:48.597+0000] {logging_mixin.py:151} INFO - [2023-11-01T00:50:48.597+0000] {dag.py:2941} INFO - Sync 1 DAGs
[2023-11-01T00:50:48.620+0000] {logging_mixin.py:151} INFO - [2023-11-01T00:50:48.619+0000] {dag.py:3722} INFO - Setting next_dagrun for opensky_data_processing to 2023-11-01T00:50:42.619683+00:00, run_after=2023-11-01T00:50:48.619683+00:00
[2023-11-01T00:50:48.652+0000] {processor.py:179} INFO - Processing /home/ubuntu/data-engineering/airflow/dags/DataFetcher.py took 0.442 seconds
[2023-11-01T00:51:18.765+0000] {processor.py:157} INFO - Started process (PID=347005) to work on /home/ubuntu/data-engineering/airflow/dags/DataFetcher.py
[2023-11-01T00:51:18.766+0000] {processor.py:829} INFO - Processing file /home/ubuntu/data-engineering/airflow/dags/DataFetcher.py for tasks to queue
[2023-11-01T00:51:18.766+0000] {logging_mixin.py:151} INFO - [2023-11-01T00:51:18.766+0000] {dagbag.py:536} INFO - Filling up the DagBag from /home/ubuntu/data-engineering/airflow/dags/DataFetcher.py
[2023-11-01T00:51:19.106+0000] {processor.py:839} INFO - DAG(s) dict_keys(['opensky_data_processing']) retrieved from /home/ubuntu/data-engineering/airflow/dags/DataFetcher.py
[2023-11-01T00:51:19.123+0000] {logging_mixin.py:151} INFO - [2023-11-01T00:51:19.123+0000] {dag.py:2941} INFO - Sync 1 DAGs
[2023-11-01T00:51:19.148+0000] {logging_mixin.py:151} INFO - [2023-11-01T00:51:19.148+0000] {dag.py:3722} INFO - Setting next_dagrun for opensky_data_processing to 2023-11-01T00:51:13.148610+00:00, run_after=2023-11-01T00:51:19.148610+00:00
[2023-11-01T00:51:19.183+0000] {processor.py:179} INFO - Processing /home/ubuntu/data-engineering/airflow/dags/DataFetcher.py took 0.421 seconds
[2023-11-01T00:51:49.990+0000] {processor.py:157} INFO - Started process (PID=347016) to work on /home/ubuntu/data-engineering/airflow/dags/DataFetcher.py
[2023-11-01T00:51:49.991+0000] {processor.py:829} INFO - Processing file /home/ubuntu/data-engineering/airflow/dags/DataFetcher.py for tasks to queue
[2023-11-01T00:51:49.992+0000] {logging_mixin.py:151} INFO - [2023-11-01T00:51:49.992+0000] {dagbag.py:536} INFO - Filling up the DagBag from /home/ubuntu/data-engineering/airflow/dags/DataFetcher.py
[2023-11-01T00:51:50.351+0000] {processor.py:839} INFO - DAG(s) dict_keys(['opensky_data_processing']) retrieved from /home/ubuntu/data-engineering/airflow/dags/DataFetcher.py
[2023-11-01T00:51:50.375+0000] {logging_mixin.py:151} INFO - [2023-11-01T00:51:50.374+0000] {dag.py:2941} INFO - Sync 1 DAGs
[2023-11-01T00:51:50.396+0000] {logging_mixin.py:151} INFO - [2023-11-01T00:51:50.396+0000] {dag.py:3722} INFO - Setting next_dagrun for opensky_data_processing to 2023-11-01T00:51:44.395968+00:00, run_after=2023-11-01T00:51:50.395968+00:00
[2023-11-01T00:51:50.430+0000] {processor.py:179} INFO - Processing /home/ubuntu/data-engineering/airflow/dags/DataFetcher.py took 0.444 seconds
[2023-11-01T00:52:20.518+0000] {processor.py:157} INFO - Started process (PID=347034) to work on /home/ubuntu/data-engineering/airflow/dags/DataFetcher.py
[2023-11-01T00:52:20.518+0000] {processor.py:829} INFO - Processing file /home/ubuntu/data-engineering/airflow/dags/DataFetcher.py for tasks to queue
[2023-11-01T00:52:20.519+0000] {logging_mixin.py:151} INFO - [2023-11-01T00:52:20.519+0000] {dagbag.py:536} INFO - Filling up the DagBag from /home/ubuntu/data-engineering/airflow/dags/DataFetcher.py
[2023-11-01T00:52:20.880+0000] {processor.py:839} INFO - DAG(s) dict_keys(['opensky_data_processing']) retrieved from /home/ubuntu/data-engineering/airflow/dags/DataFetcher.py
[2023-11-01T00:52:20.898+0000] {logging_mixin.py:151} INFO - [2023-11-01T00:52:20.897+0000] {dag.py:2941} INFO - Sync 1 DAGs
[2023-11-01T00:52:20.922+0000] {logging_mixin.py:151} INFO - [2023-11-01T00:52:20.922+0000] {dag.py:3722} INFO - Setting next_dagrun for opensky_data_processing to 2023-11-01T00:52:14.922024+00:00, run_after=2023-11-01T00:52:20.922024+00:00
[2023-11-01T00:52:20.957+0000] {processor.py:179} INFO - Processing /home/ubuntu/data-engineering/airflow/dags/DataFetcher.py took 0.443 seconds
[2023-11-01T00:52:51.761+0000] {processor.py:157} INFO - Started process (PID=347045) to work on /home/ubuntu/data-engineering/airflow/dags/DataFetcher.py
[2023-11-01T00:52:51.763+0000] {processor.py:829} INFO - Processing file /home/ubuntu/data-engineering/airflow/dags/DataFetcher.py for tasks to queue
[2023-11-01T00:52:51.763+0000] {logging_mixin.py:151} INFO - [2023-11-01T00:52:51.763+0000] {dagbag.py:536} INFO - Filling up the DagBag from /home/ubuntu/data-engineering/airflow/dags/DataFetcher.py
[2023-11-01T00:52:52.109+0000] {processor.py:839} INFO - DAG(s) dict_keys(['opensky_data_processing']) retrieved from /home/ubuntu/data-engineering/airflow/dags/DataFetcher.py
[2023-11-01T00:52:52.206+0000] {logging_mixin.py:151} INFO - [2023-11-01T00:52:52.206+0000] {dag.py:2941} INFO - Sync 1 DAGs
[2023-11-01T00:52:52.229+0000] {logging_mixin.py:151} INFO - [2023-11-01T00:52:52.228+0000] {dag.py:3722} INFO - Setting next_dagrun for opensky_data_processing to 2023-11-01T00:52:46.228783+00:00, run_after=2023-11-01T00:52:52.228783+00:00
[2023-11-01T00:52:52.263+0000] {processor.py:179} INFO - Processing /home/ubuntu/data-engineering/airflow/dags/DataFetcher.py took 0.505 seconds
[2023-11-01T00:53:23.130+0000] {processor.py:157} INFO - Started process (PID=347056) to work on /home/ubuntu/data-engineering/airflow/dags/DataFetcher.py
[2023-11-01T00:53:23.131+0000] {processor.py:829} INFO - Processing file /home/ubuntu/data-engineering/airflow/dags/DataFetcher.py for tasks to queue
[2023-11-01T00:53:23.131+0000] {logging_mixin.py:151} INFO - [2023-11-01T00:53:23.131+0000] {dagbag.py:536} INFO - Filling up the DagBag from /home/ubuntu/data-engineering/airflow/dags/DataFetcher.py
[2023-11-01T00:53:23.508+0000] {processor.py:839} INFO - DAG(s) dict_keys(['opensky_data_processing']) retrieved from /home/ubuntu/data-engineering/airflow/dags/DataFetcher.py
[2023-11-01T00:53:23.526+0000] {logging_mixin.py:151} INFO - [2023-11-01T00:53:23.526+0000] {dag.py:2941} INFO - Sync 1 DAGs
[2023-11-01T00:53:23.547+0000] {logging_mixin.py:151} INFO - [2023-11-01T00:53:23.547+0000] {dag.py:3722} INFO - Setting next_dagrun for opensky_data_processing to 2023-11-01T00:53:17.546984+00:00, run_after=2023-11-01T00:53:23.546984+00:00
[2023-11-01T00:53:23.577+0000] {processor.py:179} INFO - Processing /home/ubuntu/data-engineering/airflow/dags/DataFetcher.py took 0.451 seconds
[2023-11-01T00:53:53.664+0000] {processor.py:157} INFO - Started process (PID=347067) to work on /home/ubuntu/data-engineering/airflow/dags/DataFetcher.py
[2023-11-01T00:53:53.665+0000] {processor.py:829} INFO - Processing file /home/ubuntu/data-engineering/airflow/dags/DataFetcher.py for tasks to queue
[2023-11-01T00:53:53.666+0000] {logging_mixin.py:151} INFO - [2023-11-01T00:53:53.666+0000] {dagbag.py:536} INFO - Filling up the DagBag from /home/ubuntu/data-engineering/airflow/dags/DataFetcher.py
[2023-11-01T00:53:54.022+0000] {processor.py:839} INFO - DAG(s) dict_keys(['opensky_data_processing']) retrieved from /home/ubuntu/data-engineering/airflow/dags/DataFetcher.py
[2023-11-01T00:53:54.042+0000] {logging_mixin.py:151} INFO - [2023-11-01T00:53:54.042+0000] {dag.py:2941} INFO - Sync 1 DAGs
[2023-11-01T00:53:54.064+0000] {logging_mixin.py:151} INFO - [2023-11-01T00:53:54.063+0000] {dag.py:3722} INFO - Setting next_dagrun for opensky_data_processing to 2023-11-01T00:53:48.063747+00:00, run_after=2023-11-01T00:53:54.063747+00:00
[2023-11-01T00:53:54.095+0000] {processor.py:179} INFO - Processing /home/ubuntu/data-engineering/airflow/dags/DataFetcher.py took 0.434 seconds
[2023-11-01T00:54:24.921+0000] {processor.py:157} INFO - Started process (PID=347204) to work on /home/ubuntu/data-engineering/airflow/dags/DataFetcher.py
[2023-11-01T00:54:24.922+0000] {processor.py:829} INFO - Processing file /home/ubuntu/data-engineering/airflow/dags/DataFetcher.py for tasks to queue
[2023-11-01T00:54:24.923+0000] {logging_mixin.py:151} INFO - [2023-11-01T00:54:24.923+0000] {dagbag.py:536} INFO - Filling up the DagBag from /home/ubuntu/data-engineering/airflow/dags/DataFetcher.py
[2023-11-01T00:54:25.265+0000] {processor.py:839} INFO - DAG(s) dict_keys(['opensky_data_processing']) retrieved from /home/ubuntu/data-engineering/airflow/dags/DataFetcher.py
[2023-11-01T00:54:25.284+0000] {logging_mixin.py:151} INFO - [2023-11-01T00:54:25.284+0000] {dag.py:2941} INFO - Sync 1 DAGs
[2023-11-01T00:54:25.307+0000] {logging_mixin.py:151} INFO - [2023-11-01T00:54:25.307+0000] {dag.py:3722} INFO - Setting next_dagrun for opensky_data_processing to 2023-11-01T00:54:19.306869+00:00, run_after=2023-11-01T00:54:25.306869+00:00
[2023-11-01T00:54:25.341+0000] {processor.py:179} INFO - Processing /home/ubuntu/data-engineering/airflow/dags/DataFetcher.py took 0.423 seconds
[2023-11-01T00:54:55.411+0000] {processor.py:157} INFO - Started process (PID=347215) to work on /home/ubuntu/data-engineering/airflow/dags/DataFetcher.py
[2023-11-01T00:54:55.412+0000] {processor.py:829} INFO - Processing file /home/ubuntu/data-engineering/airflow/dags/DataFetcher.py for tasks to queue
[2023-11-01T00:54:55.413+0000] {logging_mixin.py:151} INFO - [2023-11-01T00:54:55.413+0000] {dagbag.py:536} INFO - Filling up the DagBag from /home/ubuntu/data-engineering/airflow/dags/DataFetcher.py
[2023-11-01T00:54:55.755+0000] {processor.py:839} INFO - DAG(s) dict_keys(['opensky_data_processing']) retrieved from /home/ubuntu/data-engineering/airflow/dags/DataFetcher.py
[2023-11-01T00:54:55.775+0000] {logging_mixin.py:151} INFO - [2023-11-01T00:54:55.775+0000] {dag.py:2941} INFO - Sync 1 DAGs
[2023-11-01T00:54:55.797+0000] {logging_mixin.py:151} INFO - [2023-11-01T00:54:55.796+0000] {dag.py:3722} INFO - Setting next_dagrun for opensky_data_processing to 2023-11-01T00:54:49.796821+00:00, run_after=2023-11-01T00:54:55.796821+00:00
[2023-11-01T00:54:55.828+0000] {processor.py:179} INFO - Processing /home/ubuntu/data-engineering/airflow/dags/DataFetcher.py took 0.420 seconds
[2023-11-01T00:55:26.648+0000] {processor.py:157} INFO - Started process (PID=347226) to work on /home/ubuntu/data-engineering/airflow/dags/DataFetcher.py
[2023-11-01T00:55:26.648+0000] {processor.py:829} INFO - Processing file /home/ubuntu/data-engineering/airflow/dags/DataFetcher.py for tasks to queue
[2023-11-01T00:55:26.649+0000] {logging_mixin.py:151} INFO - [2023-11-01T00:55:26.649+0000] {dagbag.py:536} INFO - Filling up the DagBag from /home/ubuntu/data-engineering/airflow/dags/DataFetcher.py
[2023-11-01T00:55:27.000+0000] {processor.py:839} INFO - DAG(s) dict_keys(['opensky_data_processing']) retrieved from /home/ubuntu/data-engineering/airflow/dags/DataFetcher.py
[2023-11-01T00:55:27.106+0000] {logging_mixin.py:151} INFO - [2023-11-01T00:55:27.104+0000] {dag.py:2941} INFO - Sync 1 DAGs
[2023-11-01T00:55:27.127+0000] {logging_mixin.py:151} INFO - [2023-11-01T00:55:27.127+0000] {dag.py:3722} INFO - Setting next_dagrun for opensky_data_processing to 2023-11-01T00:55:21.127505+00:00, run_after=2023-11-01T00:55:27.127505+00:00
[2023-11-01T00:55:27.164+0000] {processor.py:179} INFO - Processing /home/ubuntu/data-engineering/airflow/dags/DataFetcher.py took 0.520 seconds
[2023-11-01T00:55:58.007+0000] {processor.py:157} INFO - Started process (PID=347237) to work on /home/ubuntu/data-engineering/airflow/dags/DataFetcher.py
[2023-11-01T00:55:58.009+0000] {processor.py:829} INFO - Processing file /home/ubuntu/data-engineering/airflow/dags/DataFetcher.py for tasks to queue
[2023-11-01T00:55:58.009+0000] {logging_mixin.py:151} INFO - [2023-11-01T00:55:58.009+0000] {dagbag.py:536} INFO - Filling up the DagBag from /home/ubuntu/data-engineering/airflow/dags/DataFetcher.py
[2023-11-01T00:55:58.367+0000] {processor.py:839} INFO - DAG(s) dict_keys(['opensky_data_processing']) retrieved from /home/ubuntu/data-engineering/airflow/dags/DataFetcher.py
[2023-11-01T00:55:58.386+0000] {logging_mixin.py:151} INFO - [2023-11-01T00:55:58.385+0000] {dag.py:2941} INFO - Sync 1 DAGs
[2023-11-01T00:55:58.413+0000] {logging_mixin.py:151} INFO - [2023-11-01T00:55:58.413+0000] {dag.py:3722} INFO - Setting next_dagrun for opensky_data_processing to 2023-11-01T00:55:52.413363+00:00, run_after=2023-11-01T00:55:58.413363+00:00
[2023-11-01T00:55:58.447+0000] {processor.py:179} INFO - Processing /home/ubuntu/data-engineering/airflow/dags/DataFetcher.py took 0.442 seconds
[2023-11-01T00:56:28.528+0000] {processor.py:157} INFO - Started process (PID=347248) to work on /home/ubuntu/data-engineering/airflow/dags/DataFetcher.py
[2023-11-01T00:56:28.529+0000] {processor.py:829} INFO - Processing file /home/ubuntu/data-engineering/airflow/dags/DataFetcher.py for tasks to queue
[2023-11-01T00:56:28.529+0000] {logging_mixin.py:151} INFO - [2023-11-01T00:56:28.529+0000] {dagbag.py:536} INFO - Filling up the DagBag from /home/ubuntu/data-engineering/airflow/dags/DataFetcher.py
[2023-11-01T00:56:28.890+0000] {processor.py:839} INFO - DAG(s) dict_keys(['opensky_data_processing']) retrieved from /home/ubuntu/data-engineering/airflow/dags/DataFetcher.py
[2023-11-01T00:56:28.908+0000] {logging_mixin.py:151} INFO - [2023-11-01T00:56:28.908+0000] {dag.py:2941} INFO - Sync 1 DAGs
[2023-11-01T00:56:28.938+0000] {logging_mixin.py:151} INFO - [2023-11-01T00:56:28.938+0000] {dag.py:3722} INFO - Setting next_dagrun for opensky_data_processing to 2023-11-01T00:56:22.938455+00:00, run_after=2023-11-01T00:56:28.938455+00:00
[2023-11-01T00:56:28.971+0000] {processor.py:179} INFO - Processing /home/ubuntu/data-engineering/airflow/dags/DataFetcher.py took 0.447 seconds
[2023-11-01T00:56:59.769+0000] {processor.py:157} INFO - Started process (PID=347259) to work on /home/ubuntu/data-engineering/airflow/dags/DataFetcher.py
[2023-11-01T00:56:59.770+0000] {processor.py:829} INFO - Processing file /home/ubuntu/data-engineering/airflow/dags/DataFetcher.py for tasks to queue
[2023-11-01T00:56:59.771+0000] {logging_mixin.py:151} INFO - [2023-11-01T00:56:59.771+0000] {dagbag.py:536} INFO - Filling up the DagBag from /home/ubuntu/data-engineering/airflow/dags/DataFetcher.py
[2023-11-01T00:57:00.128+0000] {processor.py:839} INFO - DAG(s) dict_keys(['opensky_data_processing']) retrieved from /home/ubuntu/data-engineering/airflow/dags/DataFetcher.py
[2023-11-01T00:57:00.153+0000] {logging_mixin.py:151} INFO - [2023-11-01T00:57:00.152+0000] {dag.py:2941} INFO - Sync 1 DAGs
[2023-11-01T00:57:00.174+0000] {logging_mixin.py:151} INFO - [2023-11-01T00:57:00.174+0000] {dag.py:3722} INFO - Setting next_dagrun for opensky_data_processing to 2023-11-01T00:56:54.174605+00:00, run_after=2023-11-01T00:57:00.174605+00:00
[2023-11-01T00:57:00.208+0000] {processor.py:179} INFO - Processing /home/ubuntu/data-engineering/airflow/dags/DataFetcher.py took 0.442 seconds
[2023-11-01T00:57:30.275+0000] {processor.py:157} INFO - Started process (PID=347270) to work on /home/ubuntu/data-engineering/airflow/dags/DataFetcher.py
[2023-11-01T00:57:30.275+0000] {processor.py:829} INFO - Processing file /home/ubuntu/data-engineering/airflow/dags/DataFetcher.py for tasks to queue
[2023-11-01T00:57:30.276+0000] {logging_mixin.py:151} INFO - [2023-11-01T00:57:30.276+0000] {dagbag.py:536} INFO - Filling up the DagBag from /home/ubuntu/data-engineering/airflow/dags/DataFetcher.py
[2023-11-01T00:57:30.638+0000] {processor.py:839} INFO - DAG(s) dict_keys(['opensky_data_processing']) retrieved from /home/ubuntu/data-engineering/airflow/dags/DataFetcher.py
[2023-11-01T00:57:30.657+0000] {logging_mixin.py:151} INFO - [2023-11-01T00:57:30.657+0000] {dag.py:2941} INFO - Sync 1 DAGs
[2023-11-01T00:57:30.680+0000] {logging_mixin.py:151} INFO - [2023-11-01T00:57:30.680+0000] {dag.py:3722} INFO - Setting next_dagrun for opensky_data_processing to 2023-11-01T00:57:24.680358+00:00, run_after=2023-11-01T00:57:30.680358+00:00
[2023-11-01T00:57:30.713+0000] {processor.py:179} INFO - Processing /home/ubuntu/data-engineering/airflow/dags/DataFetcher.py took 0.442 seconds
[2023-11-01T00:58:01.501+0000] {processor.py:157} INFO - Started process (PID=347282) to work on /home/ubuntu/data-engineering/airflow/dags/DataFetcher.py
[2023-11-01T00:58:01.503+0000] {processor.py:829} INFO - Processing file /home/ubuntu/data-engineering/airflow/dags/DataFetcher.py for tasks to queue
[2023-11-01T00:58:01.503+0000] {logging_mixin.py:151} INFO - [2023-11-01T00:58:01.503+0000] {dagbag.py:536} INFO - Filling up the DagBag from /home/ubuntu/data-engineering/airflow/dags/DataFetcher.py
[2023-11-01T00:58:01.875+0000] {processor.py:839} INFO - DAG(s) dict_keys(['opensky_data_processing']) retrieved from /home/ubuntu/data-engineering/airflow/dags/DataFetcher.py
[2023-11-01T00:58:01.973+0000] {logging_mixin.py:151} INFO - [2023-11-01T00:58:01.973+0000] {dag.py:2941} INFO - Sync 1 DAGs
[2023-11-01T00:58:01.996+0000] {logging_mixin.py:151} INFO - [2023-11-01T00:58:01.996+0000] {dag.py:3722} INFO - Setting next_dagrun for opensky_data_processing to 2023-11-01T00:57:55.996404+00:00, run_after=2023-11-01T00:58:01.996404+00:00
[2023-11-01T00:58:02.046+0000] {processor.py:179} INFO - Processing /home/ubuntu/data-engineering/airflow/dags/DataFetcher.py took 0.548 seconds
[2023-11-01T00:58:32.911+0000] {processor.py:157} INFO - Started process (PID=347293) to work on /home/ubuntu/data-engineering/airflow/dags/DataFetcher.py
[2023-11-01T00:58:32.912+0000] {processor.py:829} INFO - Processing file /home/ubuntu/data-engineering/airflow/dags/DataFetcher.py for tasks to queue
[2023-11-01T00:58:32.913+0000] {logging_mixin.py:151} INFO - [2023-11-01T00:58:32.913+0000] {dagbag.py:536} INFO - Filling up the DagBag from /home/ubuntu/data-engineering/airflow/dags/DataFetcher.py
[2023-11-01T00:58:33.262+0000] {processor.py:839} INFO - DAG(s) dict_keys(['opensky_data_processing']) retrieved from /home/ubuntu/data-engineering/airflow/dags/DataFetcher.py
[2023-11-01T00:58:33.279+0000] {logging_mixin.py:151} INFO - [2023-11-01T00:58:33.279+0000] {dag.py:2941} INFO - Sync 1 DAGs
[2023-11-01T00:58:33.302+0000] {logging_mixin.py:151} INFO - [2023-11-01T00:58:33.301+0000] {dag.py:3722} INFO - Setting next_dagrun for opensky_data_processing to 2023-11-01T00:58:27.301789+00:00, run_after=2023-11-01T00:58:33.301789+00:00
[2023-11-01T00:58:33.334+0000] {processor.py:179} INFO - Processing /home/ubuntu/data-engineering/airflow/dags/DataFetcher.py took 0.426 seconds
[2023-11-01T00:59:03.400+0000] {processor.py:157} INFO - Started process (PID=347304) to work on /home/ubuntu/data-engineering/airflow/dags/DataFetcher.py
[2023-11-01T00:59:03.401+0000] {processor.py:829} INFO - Processing file /home/ubuntu/data-engineering/airflow/dags/DataFetcher.py for tasks to queue
[2023-11-01T00:59:03.402+0000] {logging_mixin.py:151} INFO - [2023-11-01T00:59:03.401+0000] {dagbag.py:536} INFO - Filling up the DagBag from /home/ubuntu/data-engineering/airflow/dags/DataFetcher.py
[2023-11-01T00:59:03.747+0000] {processor.py:839} INFO - DAG(s) dict_keys(['opensky_data_processing']) retrieved from /home/ubuntu/data-engineering/airflow/dags/DataFetcher.py
[2023-11-01T00:59:03.765+0000] {logging_mixin.py:151} INFO - [2023-11-01T00:59:03.765+0000] {dag.py:2941} INFO - Sync 1 DAGs
[2023-11-01T00:59:03.787+0000] {logging_mixin.py:151} INFO - [2023-11-01T00:59:03.787+0000] {dag.py:3722} INFO - Setting next_dagrun for opensky_data_processing to 2023-11-01T00:58:57.787562+00:00, run_after=2023-11-01T00:59:03.787562+00:00
[2023-11-01T00:59:03.825+0000] {processor.py:179} INFO - Processing /home/ubuntu/data-engineering/airflow/dags/DataFetcher.py took 0.428 seconds
[2023-11-01T00:59:34.639+0000] {processor.py:157} INFO - Started process (PID=347441) to work on /home/ubuntu/data-engineering/airflow/dags/DataFetcher.py
[2023-11-01T00:59:34.640+0000] {processor.py:829} INFO - Processing file /home/ubuntu/data-engineering/airflow/dags/DataFetcher.py for tasks to queue
[2023-11-01T00:59:34.640+0000] {logging_mixin.py:151} INFO - [2023-11-01T00:59:34.640+0000] {dagbag.py:536} INFO - Filling up the DagBag from /home/ubuntu/data-engineering/airflow/dags/DataFetcher.py
[2023-11-01T00:59:35.007+0000] {processor.py:839} INFO - DAG(s) dict_keys(['opensky_data_processing']) retrieved from /home/ubuntu/data-engineering/airflow/dags/DataFetcher.py
[2023-11-01T00:59:35.025+0000] {logging_mixin.py:151} INFO - [2023-11-01T00:59:35.024+0000] {dag.py:2941} INFO - Sync 1 DAGs
[2023-11-01T00:59:35.051+0000] {logging_mixin.py:151} INFO - [2023-11-01T00:59:35.051+0000] {dag.py:3722} INFO - Setting next_dagrun for opensky_data_processing to 2023-11-01T00:59:29.050921+00:00, run_after=2023-11-01T00:59:35.050921+00:00
[2023-11-01T00:59:35.082+0000] {processor.py:179} INFO - Processing /home/ubuntu/data-engineering/airflow/dags/DataFetcher.py took 0.447 seconds
[2023-11-01T01:00:05.263+0000] {processor.py:157} INFO - Started process (PID=347452) to work on /home/ubuntu/data-engineering/airflow/dags/DataFetcher.py
[2023-11-01T01:00:05.264+0000] {processor.py:829} INFO - Processing file /home/ubuntu/data-engineering/airflow/dags/DataFetcher.py for tasks to queue
[2023-11-01T01:00:05.265+0000] {logging_mixin.py:151} INFO - [2023-11-01T01:00:05.265+0000] {dagbag.py:536} INFO - Filling up the DagBag from /home/ubuntu/data-engineering/airflow/dags/DataFetcher.py
[2023-11-01T01:00:05.653+0000] {processor.py:839} INFO - DAG(s) dict_keys(['opensky_data_processing']) retrieved from /home/ubuntu/data-engineering/airflow/dags/DataFetcher.py
[2023-11-01T01:00:05.672+0000] {logging_mixin.py:151} INFO - [2023-11-01T01:00:05.672+0000] {dag.py:2941} INFO - Sync 1 DAGs
[2023-11-01T01:00:05.695+0000] {logging_mixin.py:151} INFO - [2023-11-01T01:00:05.695+0000] {dag.py:3722} INFO - Setting next_dagrun for opensky_data_processing to 2023-11-01T00:59:59.695496+00:00, run_after=2023-11-01T01:00:05.695496+00:00
[2023-11-01T01:00:05.738+0000] {processor.py:179} INFO - Processing /home/ubuntu/data-engineering/airflow/dags/DataFetcher.py took 0.478 seconds
[2023-11-01T01:00:36.544+0000] {processor.py:157} INFO - Started process (PID=347463) to work on /home/ubuntu/data-engineering/airflow/dags/DataFetcher.py
[2023-11-01T01:00:36.545+0000] {processor.py:829} INFO - Processing file /home/ubuntu/data-engineering/airflow/dags/DataFetcher.py for tasks to queue
[2023-11-01T01:00:36.546+0000] {logging_mixin.py:151} INFO - [2023-11-01T01:00:36.546+0000] {dagbag.py:536} INFO - Filling up the DagBag from /home/ubuntu/data-engineering/airflow/dags/DataFetcher.py
[2023-11-01T01:00:36.889+0000] {processor.py:839} INFO - DAG(s) dict_keys(['opensky_data_processing']) retrieved from /home/ubuntu/data-engineering/airflow/dags/DataFetcher.py
[2023-11-01T01:00:36.987+0000] {logging_mixin.py:151} INFO - [2023-11-01T01:00:36.986+0000] {dag.py:2941} INFO - Sync 1 DAGs
[2023-11-01T01:00:37.011+0000] {logging_mixin.py:151} INFO - [2023-11-01T01:00:37.010+0000] {dag.py:3722} INFO - Setting next_dagrun for opensky_data_processing to 2023-11-01T01:00:31.010814+00:00, run_after=2023-11-01T01:00:37.010814+00:00
[2023-11-01T01:00:37.057+0000] {processor.py:179} INFO - Processing /home/ubuntu/data-engineering/airflow/dags/DataFetcher.py took 0.517 seconds
[2023-11-01T01:01:07.896+0000] {processor.py:157} INFO - Started process (PID=347474) to work on /home/ubuntu/data-engineering/airflow/dags/DataFetcher.py
[2023-11-01T01:01:07.896+0000] {processor.py:829} INFO - Processing file /home/ubuntu/data-engineering/airflow/dags/DataFetcher.py for tasks to queue
[2023-11-01T01:01:07.897+0000] {logging_mixin.py:151} INFO - [2023-11-01T01:01:07.897+0000] {dagbag.py:536} INFO - Filling up the DagBag from /home/ubuntu/data-engineering/airflow/dags/DataFetcher.py
[2023-11-01T01:01:08.242+0000] {processor.py:839} INFO - DAG(s) dict_keys(['opensky_data_processing']) retrieved from /home/ubuntu/data-engineering/airflow/dags/DataFetcher.py
[2023-11-01T01:01:08.262+0000] {logging_mixin.py:151} INFO - [2023-11-01T01:01:08.262+0000] {dag.py:2941} INFO - Sync 1 DAGs
[2023-11-01T01:01:08.285+0000] {logging_mixin.py:151} INFO - [2023-11-01T01:01:08.285+0000] {dag.py:3722} INFO - Setting next_dagrun for opensky_data_processing to 2023-11-01T01:01:02.285326+00:00, run_after=2023-11-01T01:01:08.285326+00:00
[2023-11-01T01:01:08.319+0000] {processor.py:179} INFO - Processing /home/ubuntu/data-engineering/airflow/dags/DataFetcher.py took 0.427 seconds
[2023-11-01T01:01:38.433+0000] {processor.py:157} INFO - Started process (PID=347486) to work on /home/ubuntu/data-engineering/airflow/dags/DataFetcher.py
[2023-11-01T01:01:38.435+0000] {processor.py:829} INFO - Processing file /home/ubuntu/data-engineering/airflow/dags/DataFetcher.py for tasks to queue
[2023-11-01T01:01:38.435+0000] {logging_mixin.py:151} INFO - [2023-11-01T01:01:38.435+0000] {dagbag.py:536} INFO - Filling up the DagBag from /home/ubuntu/data-engineering/airflow/dags/DataFetcher.py
[2023-11-01T01:01:38.784+0000] {processor.py:839} INFO - DAG(s) dict_keys(['opensky_data_processing']) retrieved from /home/ubuntu/data-engineering/airflow/dags/DataFetcher.py
[2023-11-01T01:01:38.802+0000] {logging_mixin.py:151} INFO - [2023-11-01T01:01:38.802+0000] {dag.py:2941} INFO - Sync 1 DAGs
[2023-11-01T01:01:38.825+0000] {logging_mixin.py:151} INFO - [2023-11-01T01:01:38.825+0000] {dag.py:3722} INFO - Setting next_dagrun for opensky_data_processing to 2023-11-01T01:01:32.825069+00:00, run_after=2023-11-01T01:01:38.825069+00:00
[2023-11-01T01:01:38.857+0000] {processor.py:179} INFO - Processing /home/ubuntu/data-engineering/airflow/dags/DataFetcher.py took 0.427 seconds
[2023-11-01T01:02:09.672+0000] {processor.py:157} INFO - Started process (PID=347497) to work on /home/ubuntu/data-engineering/airflow/dags/DataFetcher.py
[2023-11-01T01:02:09.672+0000] {processor.py:829} INFO - Processing file /home/ubuntu/data-engineering/airflow/dags/DataFetcher.py for tasks to queue
[2023-11-01T01:02:09.673+0000] {logging_mixin.py:151} INFO - [2023-11-01T01:02:09.673+0000] {dagbag.py:536} INFO - Filling up the DagBag from /home/ubuntu/data-engineering/airflow/dags/DataFetcher.py
[2023-11-01T01:02:10.037+0000] {processor.py:839} INFO - DAG(s) dict_keys(['opensky_data_processing']) retrieved from /home/ubuntu/data-engineering/airflow/dags/DataFetcher.py
[2023-11-01T01:02:10.056+0000] {logging_mixin.py:151} INFO - [2023-11-01T01:02:10.055+0000] {dag.py:2941} INFO - Sync 1 DAGs
[2023-11-01T01:02:10.078+0000] {logging_mixin.py:151} INFO - [2023-11-01T01:02:10.077+0000] {dag.py:3722} INFO - Setting next_dagrun for opensky_data_processing to 2023-11-01T01:02:04.077803+00:00, run_after=2023-11-01T01:02:10.077803+00:00
[2023-11-01T01:02:10.109+0000] {processor.py:179} INFO - Processing /home/ubuntu/data-engineering/airflow/dags/DataFetcher.py took 0.441 seconds
[2023-11-01T01:02:40.178+0000] {processor.py:157} INFO - Started process (PID=347508) to work on /home/ubuntu/data-engineering/airflow/dags/DataFetcher.py
[2023-11-01T01:02:40.179+0000] {processor.py:829} INFO - Processing file /home/ubuntu/data-engineering/airflow/dags/DataFetcher.py for tasks to queue
[2023-11-01T01:02:40.179+0000] {logging_mixin.py:151} INFO - [2023-11-01T01:02:40.179+0000] {dagbag.py:536} INFO - Filling up the DagBag from /home/ubuntu/data-engineering/airflow/dags/DataFetcher.py
[2023-11-01T01:02:40.543+0000] {processor.py:839} INFO - DAG(s) dict_keys(['opensky_data_processing']) retrieved from /home/ubuntu/data-engineering/airflow/dags/DataFetcher.py
[2023-11-01T01:02:40.561+0000] {logging_mixin.py:151} INFO - [2023-11-01T01:02:40.560+0000] {dag.py:2941} INFO - Sync 1 DAGs
[2023-11-01T01:02:40.584+0000] {logging_mixin.py:151} INFO - [2023-11-01T01:02:40.584+0000] {dag.py:3722} INFO - Setting next_dagrun for opensky_data_processing to 2023-11-01T01:02:34.584366+00:00, run_after=2023-11-01T01:02:40.584366+00:00
[2023-11-01T01:02:40.621+0000] {processor.py:179} INFO - Processing /home/ubuntu/data-engineering/airflow/dags/DataFetcher.py took 0.447 seconds
[2023-11-01T01:03:11.427+0000] {processor.py:157} INFO - Started process (PID=347519) to work on /home/ubuntu/data-engineering/airflow/dags/DataFetcher.py
[2023-11-01T01:03:11.427+0000] {processor.py:829} INFO - Processing file /home/ubuntu/data-engineering/airflow/dags/DataFetcher.py for tasks to queue
[2023-11-01T01:03:11.428+0000] {logging_mixin.py:151} INFO - [2023-11-01T01:03:11.428+0000] {dagbag.py:536} INFO - Filling up the DagBag from /home/ubuntu/data-engineering/airflow/dags/DataFetcher.py
[2023-11-01T01:03:11.783+0000] {processor.py:839} INFO - DAG(s) dict_keys(['opensky_data_processing']) retrieved from /home/ubuntu/data-engineering/airflow/dags/DataFetcher.py
[2023-11-01T01:03:11.805+0000] {logging_mixin.py:151} INFO - [2023-11-01T01:03:11.805+0000] {dag.py:2941} INFO - Sync 1 DAGs
[2023-11-01T01:03:11.826+0000] {logging_mixin.py:151} INFO - [2023-11-01T01:03:11.826+0000] {dag.py:3722} INFO - Setting next_dagrun for opensky_data_processing to 2023-11-01T01:03:05.826092+00:00, run_after=2023-11-01T01:03:11.826092+00:00
[2023-11-01T01:03:11.858+0000] {processor.py:179} INFO - Processing /home/ubuntu/data-engineering/airflow/dags/DataFetcher.py took 0.435 seconds
[2023-11-01T01:03:41.917+0000] {processor.py:157} INFO - Started process (PID=347534) to work on /home/ubuntu/data-engineering/airflow/dags/DataFetcher.py
[2023-11-01T01:03:41.919+0000] {processor.py:829} INFO - Processing file /home/ubuntu/data-engineering/airflow/dags/DataFetcher.py for tasks to queue
[2023-11-01T01:03:41.919+0000] {logging_mixin.py:151} INFO - [2023-11-01T01:03:41.919+0000] {dagbag.py:536} INFO - Filling up the DagBag from /home/ubuntu/data-engineering/airflow/dags/DataFetcher.py
[2023-11-01T01:03:42.281+0000] {processor.py:839} INFO - DAG(s) dict_keys(['opensky_data_processing']) retrieved from /home/ubuntu/data-engineering/airflow/dags/DataFetcher.py
[2023-11-01T01:03:42.378+0000] {logging_mixin.py:151} INFO - [2023-11-01T01:03:42.376+0000] {dag.py:2941} INFO - Sync 1 DAGs
[2023-11-01T01:03:42.400+0000] {logging_mixin.py:151} INFO - [2023-11-01T01:03:42.400+0000] {dag.py:3722} INFO - Setting next_dagrun for opensky_data_processing to 2023-11-01T01:03:36.400339+00:00, run_after=2023-11-01T01:03:42.400339+00:00
[2023-11-01T01:03:42.433+0000] {processor.py:179} INFO - Processing /home/ubuntu/data-engineering/airflow/dags/DataFetcher.py took 0.520 seconds
